#
# There is insufficient memory for the Java Runtime Environment to continue.
# Native memory allocation (mmap) failed to map 65011712 bytes for committing reserved memory.
# Possible reasons:
#   The system is out of physical RAM or swap space
#   In 32 bit mode, the process size limit was hit
# Possible solutions:
#   Reduce memory load on the system
#   Increase physical memory or swap space
#   Check if swap backing store is full
#   Use 64 bit Java on a 64 bit OS
#   Decrease Java heap size (-Xmx/-Xms)
#   Decrease number of Java threads
#   Decrease Java thread stack sizes (-Xss)
#   Set larger code cache with -XX:ReservedCodeCacheSize=
# This output file may be truncated or incomplete.
#
#  Out of Memory Error (os_linux.cpp:2643), pid=17796, tid=0x00007fe099947700
#
# JRE version: OpenJDK Runtime Environment (8.0_162-b12) (build 1.8.0_162-8u162-b12-1-b12)
# Java VM: OpenJDK 64-Bit Server VM (25.162-b12 mixed mode linux-amd64 compressed oops)
# Failed to write core dump. Core dumps have been disabled. To enable core dumping, try "ulimit -c unlimited" before starting Java again
#

---------------  T H R E A D  ---------------

Current thread (0x00007fe0bc140000):  VMThread [stack: 0x00007fe099848000,0x00007fe099948000] [id=17805]

Stack: [0x00007fe099848000,0x00007fe099948000],  sp=0x00007fe099946480,  free space=1017k
Native frames: (J=compiled Java code, j=interpreted, Vv=VM code, C=native code)
V  [libjvm.so+0xaaa522]
V  [libjvm.so+0x4d7a77]
V  [libjvm.so+0x8e5bb0]
V  [libjvm.so+0x8e010e]
V  [libjvm.so+0x960926]
V  [libjvm.so+0x961c98]
V  [libjvm.so+0x95e296]
V  [libjvm.so+0x95e62c]
V  [libjvm.so+0x90ce68]
V  [libjvm.so+0xaac1e2]
V  [libjvm.so+0xab0dc6]
V  [libjvm.so+0xaaf065]
V  [libjvm.so+0xaaf9dd]
V  [libjvm.so+0xaafdb7]
V  [libjvm.so+0x8e3002]

VM_Operation (0x00007fe05cfb7e50): ParallelGCFailedAllocation, mode: safepoint, requested by thread 0x00007fe0bc3b9000


---------------  P R O C E S S  ---------------

Java Threads: ( => current thread )
  0x00007fe0bc3e4000 JavaThread "JavaFX-Launcher" [_thread_blocked, id=17818, stack(0x00007fe05cdba000,0x00007fe05cebb000)]
  0x00007fe0bc3b9000 JavaThread "JavaFX Application Thread" [_thread_blocked, id=17817, stack(0x00007fe05cebb000,0x00007fe05cfbc000)]
  0x00007fe0bc3de000 JavaThread "Thread-1" daemon [_thread_blocked, id=17816, stack(0x00007fe0640b6000,0x00007fe0641b7000)]
  0x00007fe0bc31f000 JavaThread "QuantumRenderer-0" daemon [_thread_blocked, id=17814, stack(0x00007fe0984d8000,0x00007fe0985d9000)]
  0x00007fe0bc18a000 JavaThread "Service Thread" daemon [_thread_blocked, id=17812, stack(0x00007fe098771000,0x00007fe098872000)]
  0x00007fe0bc17a800 JavaThread "C1 CompilerThread2" daemon [_thread_blocked, id=17811, stack(0x00007fe098873000,0x00007fe098973000)]
  0x00007fe0bc179000 JavaThread "C2 CompilerThread1" daemon [_thread_blocked, id=17810, stack(0x00007fe098974000,0x00007fe098a74000)]
  0x00007fe0bc176000 JavaThread "C2 CompilerThread0" daemon [_thread_blocked, id=17809, stack(0x00007fe098a75000,0x00007fe098b75000)]
  0x00007fe0bc174000 JavaThread "Signal Dispatcher" daemon [_thread_blocked, id=17808, stack(0x00007fe098b75000,0x00007fe098c76000)]
  0x00007fe0bc14c000 JavaThread "Finalizer" daemon [_thread_blocked, id=17807, stack(0x00007fe099645000,0x00007fe099746000)]
  0x00007fe0bc147800 JavaThread "Reference Handler" daemon [_thread_blocked, id=17806, stack(0x00007fe099746000,0x00007fe099847000)]
  0x00007fe0bc00b000 JavaThread "main" [_thread_blocked, id=17800, stack(0x00007fe0c4510000,0x00007fe0c4610000)]

Other Threads:
=>0x00007fe0bc140000 VMThread [stack: 0x00007fe099848000,0x00007fe099948000] [id=17805]
  0x00007fe0bc18c800 WatcherThread [stack: 0x00007fe098671000,0x00007fe098771000] [id=17813]

VM state:at safepoint (normal execution)

VM Mutex/Monitor currently owned by a thread:  ([mutex/lock_event])
[0x00007fe0bc007ae0] Threads_lock - owner thread: 0x00007fe0bc140000
[0x00007fe0bc007fe0] Heap_lock - owner thread: 0x00007fe0bc3b9000

Heap:
 PSYoungGen      total 67584K, used 3876K [0x00000000eb900000, 0x00000000eff00000, 0x0000000100000000)
  eden space 63488K, 0% used [0x00000000eb900000,0x00000000eb900000,0x00000000ef700000)
  from space 4096K, 94% used [0x00000000ef700000,0x00000000efac9360,0x00000000efb00000)
  to   space 4096K, 0% used [0x00000000efb00000,0x00000000efb00000,0x00000000eff00000)
 ParOldGen       total 42496K, used 4066K [0x00000000c2a00000, 0x00000000c5380000, 0x00000000eb900000)
  object space 42496K, 9% used [0x00000000c2a00000,0x00000000c2df8a00,0x00000000c5380000)
 Metaspace       used 13615K, capacity 14202K, committed 14464K, reserved 1060864K
  class space    used 1913K, capacity 2085K, committed 2176K, reserved 1048576K

Card table byte_map: [0x00007fe0c08c9000,0x00007fe0c0ab5000] byte_map_base: 0x00007fe0c02b4000

Marking Bits: (ParMarkBitMap*) 0x00007fe0c37ad120
 Begin Bits: [0x00007fe09a150000, 0x00007fe09b0a8000)
 End Bits:   [0x00007fe09b0a8000, 0x00007fe09c000000)

Polling page: 0x00007fe0c462e000

CodeCache: size=245760Kb used=3798Kb max_used=3806Kb free=241961Kb
 bounds [0x00007fe0ad000000, 0x00007fe0ad3c0000, 0x00007fe0bc000000]
 total_blobs=1578 nmethods=1046 adapters=446
 compilation: enabled

Compilation events (10 events):
Event: 2,798 Thread 0x00007fe0bc17a800 1043       3       java.util.ArrayList::rangeCheckForAdd (26 bytes)
Event: 2,798 Thread 0x00007fe0bc176000 1044       4       java.util.ArrayList::isEmpty (13 bytes)
Event: 2,799 Thread 0x00007fe0bc17a800 nmethod 1043 0x00007fe0ad3b6710 code [0x00007fe0ad3b6920, 0x00007fe0ad3b7438]
Event: 2,799 Thread 0x00007fe0bc17a800 1041       3       java.util.WeakHashMap$HashIterator::hasNext (95 bytes)
Event: 2,799 Thread 0x00007fe0bc17a800 nmethod 1041 0x00007fe0ad3a1650 code [0x00007fe0ad3a17e0, 0x00007fe0ad3a1c90]
Event: 2,799 Thread 0x00007fe0bc17a800 1035       3       jdk.internal.org.objectweb.asm.ClassVisitor::<init> (7 bytes)
Event: 2,800 Thread 0x00007fe0bc17a800 nmethod 1035 0x00007fe0ad39fc10 code [0x00007fe0ad39fda0, 0x00007fe0ad3a0108]
Event: 2,800 Thread 0x00007fe0bc176000 nmethod 1044 0x00007fe0ad390a50 code [0x00007fe0ad390ba0, 0x00007fe0ad390c18]
Event: 2,802 Thread 0x00007fe0bc17a800 1046       3       java.lang.invoke.DirectMethodHandle::shouldBeInitialized (123 bytes)
Event: 2,803 Thread 0x00007fe0bc17a800 nmethod 1046 0x00007fe0ad3b9c10 code [0x00007fe0ad3b9de0, 0x00007fe0ad3ba508]

GC Heap History (10 events):
Event: 1,513 GC heap after
Heap after GC invocations=2 (full 0):
 PSYoungGen      total 18432K, used 2542K [0x00000000eb900000, 0x00000000edd00000, 0x0000000100000000)
  eden space 15872K, 0% used [0x00000000eb900000,0x00000000eb900000,0x00000000ec880000)
  from space 2560K, 99% used [0x00000000ecb00000,0x00000000ecd7b9b0,0x00000000ecd80000)
  to   space 2560K, 0% used [0x00000000ec880000,0x00000000ec880000,0x00000000ecb00000)
 ParOldGen       total 42496K, used 929K [0x00000000c2a00000, 0x00000000c5380000, 0x00000000eb900000)
  object space 42496K, 2% used [0x00000000c2a00000,0x00000000c2ae8560,0x00000000c5380000)
 Metaspace       used 8613K, capacity 8906K, committed 9088K, reserved 1056768K
  class space    used 1017K, capacity 1136K, committed 1152K, reserved 1048576K
}
Event: 1,653 GC heap before
{Heap before GC invocations=3 (full 0):
 PSYoungGen      total 18432K, used 18414K [0x00000000eb900000, 0x00000000edd00000, 0x0000000100000000)
  eden space 15872K, 100% used [0x00000000eb900000,0x00000000ec880000,0x00000000ec880000)
  from space 2560K, 99% used [0x00000000ecb00000,0x00000000ecd7b9b0,0x00000000ecd80000)
  to   space 2560K, 0% used [0x00000000ec880000,0x00000000ec880000,0x00000000ecb00000)
 ParOldGen       total 42496K, used 929K [0x00000000c2a00000, 0x00000000c5380000, 0x00000000eb900000)
  object space 42496K, 2% used [0x00000000c2a00000,0x00000000c2ae8560,0x00000000c5380000)
 Metaspace       used 9591K, capacity 9888K, committed 9984K, reserved 1058816K
  class space    used 1158K, capacity 1246K, committed 1280K, reserved 1048576K
Event: 1,657 GC heap after
Heap after GC invocations=3 (full 0):
 PSYoungGen      total 18432K, used 2544K [0x00000000eb900000, 0x00000000edd00000, 0x0000000100000000)
  eden space 15872K, 0% used [0x00000000eb900000,0x00000000eb900000,0x00000000ec880000)
  from space 2560K, 99% used [0x00000000ec880000,0x00000000ecafc060,0x00000000ecb00000)
  to   space 2560K, 0% used [0x00000000eda80000,0x00000000eda80000,0x00000000edd00000)
 ParOldGen       total 42496K, used 1886K [0x00000000c2a00000, 0x00000000c5380000, 0x00000000eb900000)
  object space 42496K, 4% used [0x00000000c2a00000,0x00000000c2bd7bd8,0x00000000c5380000)
 Metaspace       used 9591K, capacity 9888K, committed 9984K, reserved 1058816K
  class space    used 1158K, capacity 1246K, committed 1280K, reserved 1048576K
}
Event: 1,762 GC heap before
{Heap before GC invocations=4 (full 0):
 PSYoungGen      total 18432K, used 18416K [0x00000000eb900000, 0x00000000edd00000, 0x0000000100000000)
  eden space 15872K, 100% used [0x00000000eb900000,0x00000000ec880000,0x00000000ec880000)
  from space 2560K, 99% used [0x00000000ec880000,0x00000000ecafc060,0x00000000ecb00000)
  to   space 2560K, 0% used [0x00000000eda80000,0x00000000eda80000,0x00000000edd00000)
 ParOldGen       total 42496K, used 1886K [0x00000000c2a00000, 0x00000000c5380000, 0x00000000eb900000)
  object space 42496K, 4% used [0x00000000c2a00000,0x00000000c2bd7bd8,0x00000000c5380000)
 Metaspace       used 10324K, capacity 10664K, committed 10880K, reserved 1058816K
  class space    used 1255K, capacity 1376K, committed 1408K, reserved 1048576K
Event: 1,766 GC heap after
Heap after GC invocations=4 (full 0):
 PSYoungGen      total 34304K, used 2528K [0x00000000eb900000, 0x00000000edd00000, 0x0000000100000000)
  eden space 31744K, 0% used [0x00000000eb900000,0x00000000eb900000,0x00000000ed800000)
  from space 2560K, 98% used [0x00000000eda80000,0x00000000edcf8040,0x00000000edd00000)
  to   space 2560K, 0% used [0x00000000ed800000,0x00000000ed800000,0x00000000eda80000)
 ParOldGen       total 42496K, used 2171K [0x00000000c2a00000, 0x00000000c5380000, 0x00000000eb900000)
  object space 42496K, 5% used [0x00000000c2a00000,0x00000000c2c1eed8,0x00000000c5380000)
 Metaspace       used 10324K, capacity 10664K, committed 10880K, reserved 1058816K
  class space    used 1255K, capacity 1376K, committed 1408K, reserved 1048576K
}
Event: 1,869 GC heap before
{Heap before GC invocations=5 (full 0):
 PSYoungGen      total 34304K, used 34272K [0x00000000eb900000, 0x00000000edd00000, 0x0000000100000000)
  eden space 31744K, 100% used [0x00000000eb900000,0x00000000ed800000,0x00000000ed800000)
  from space 2560K, 98% used [0x00000000eda80000,0x00000000edcf8040,0x00000000edd00000)
  to   space 2560K, 0% used [0x00000000ed800000,0x00000000ed800000,0x00000000eda80000)
 ParOldGen       total 42496K, used 2171K [0x00000000c2a00000, 0x00000000c5380000, 0x00000000eb900000)
  object space 42496K, 5% used [0x00000000c2a00000,0x00000000c2c1eed8,0x00000000c5380000)
 Metaspace       used 10574K, capacity 10896K, committed 11008K, reserved 1058816K
  class space    used 1333K, capacity 1448K, committed 1536K, reserved 1048576K
Event: 1,873 GC heap after
Heap after GC invocations=5 (full 0):
 PSYoungGen      total 34304K, used 2528K [0x00000000eb900000, 0x00000000eff00000, 0x0000000100000000)
  eden space 31744K, 0% used [0x00000000eb900000,0x00000000eb900000,0x00000000ed800000)
  from space 2560K, 98% used [0x00000000ed800000,0x00000000eda78040,0x00000000eda80000)
  to   space 4096K, 0% used [0x00000000efb00000,0x00000000efb00000,0x00000000eff00000)
 ParOldGen       total 42496K, used 2472K [0x00000000c2a00000, 0x00000000c5380000, 0x00000000eb900000)
  object space 42496K, 5% used [0x00000000c2a00000,0x00000000c2c6a318,0x00000000c5380000)
 Metaspace       used 10574K, capacity 10896K, committed 11008K, reserved 1058816K
  class space    used 1333K, capacity 1448K, committed 1536K, reserved 1048576K
}
Event: 1,941 GC heap before
{Heap before GC invocations=6 (full 0):
 PSYoungGen      total 34304K, used 34272K [0x00000000eb900000, 0x00000000eff00000, 0x0000000100000000)
  eden space 31744K, 100% used [0x00000000eb900000,0x00000000ed800000,0x00000000ed800000)
  from space 2560K, 98% used [0x00000000ed800000,0x00000000eda78040,0x00000000eda80000)
  to   space 4096K, 0% used [0x00000000efb00000,0x00000000efb00000,0x00000000eff00000)
 ParOldGen       total 42496K, used 2472K [0x00000000c2a00000, 0x00000000c5380000, 0x00000000eb900000)
  object space 42496K, 5% used [0x00000000c2a00000,0x00000000c2c6a318,0x00000000c5380000)
 Metaspace       used 10663K, capacity 11032K, committed 11264K, reserved 1058816K
  class space    used 1347K, capacity 1450K, committed 1536K, reserved 1048576K
Event: 1,944 GC heap after
Heap after GC invocations=6 (full 0):
 PSYoungGen      total 67584K, used 2768K [0x00000000eb900000, 0x00000000eff00000, 0x0000000100000000)
  eden space 63488K, 0% used [0x00000000eb900000,0x00000000eb900000,0x00000000ef700000)
  from space 4096K, 67% used [0x00000000efb00000,0x00000000efdb4050,0x00000000eff00000)
  to   space 4096K, 0% used [0x00000000ef700000,0x00000000ef700000,0x00000000efb00000)
 ParOldGen       total 42496K, used 2472K [0x00000000c2a00000, 0x00000000c5380000, 0x00000000eb900000)
  object space 42496K, 5% used [0x00000000c2a00000,0x00000000c2c6a318,0x00000000c5380000)
 Metaspace       used 10663K, capacity 11032K, committed 11264K, reserved 1058816K
  class space    used 1347K, capacity 1450K, committed 1536K, reserved 1048576K
}
Event: 2,843 GC heap before
{Heap before GC invocations=7 (full 0):
 PSYoungGen      total 67584K, used 66256K [0x00000000eb900000, 0x00000000eff00000, 0x0000000100000000)
  eden space 63488K, 100% used [0x00000000eb900000,0x00000000ef700000,0x00000000ef700000)
  from space 4096K, 67% used [0x00000000efb00000,0x00000000efdb4050,0x00000000eff00000)
  to   space 4096K, 0% used [0x00000000ef700000,0x00000000ef700000,0x00000000efb00000)
 ParOldGen       total 42496K, used 2472K [0x00000000c2a00000, 0x00000000c5380000, 0x00000000eb900000)
  object space 42496K, 5% used [0x00000000c2a00000,0x00000000c2c6a318,0x00000000c5380000)
 Metaspace       used 13615K, capacity 14202K, committed 14464K, reserved 1060864K
  class space    used 1913K, capacity 2085K, committed 2176K, reserved 1048576K

Deoptimization events (10 events):
Event: 1,629 Thread 0x00007fe0bc3b9000 Uncommon trap: reason=unstable_if action=reinterpret pc=0x00007fe0ad2734c4 method=sun.misc.URLClassPath$JarLoader.ensureOpen()V @ 4
Event: 2,481 Thread 0x00007fe0bc3b9000 Uncommon trap: reason=unstable_if action=reinterpret pc=0x00007fe0ad33a064 method=sun.net.www.ParseUtil.encodePath(Ljava/lang/String;Z)Ljava/lang/String; @ 109
Event: 2,732 Thread 0x00007fe0bc3b9000 Uncommon trap: reason=class_check action=maybe_recompile pc=0x00007fe0ad294634 method=java.io.DataInputStream.readShort()S @ 4
Event: 2,736 Thread 0x00007fe0bc3b9000 Uncommon trap: reason=class_check action=maybe_recompile pc=0x00007fe0ad294634 method=java.io.DataInputStream.readShort()S @ 4
Event: 2,737 Thread 0x00007fe0bc3b9000 Uncommon trap: reason=class_check action=maybe_recompile pc=0x00007fe0ad294634 method=java.io.DataInputStream.readShort()S @ 4
Event: 2,737 Thread 0x00007fe0bc3b9000 Uncommon trap: reason=class_check action=maybe_recompile pc=0x00007fe0ad294634 method=java.io.DataInputStream.readShort()S @ 4
Event: 2,744 Thread 0x00007fe0bc3b9000 Uncommon trap: reason=class_check action=maybe_recompile pc=0x00007fe0ad119460 method=java.lang.String.equals(Ljava/lang/Object;)Z @ 8
Event: 2,744 Thread 0x00007fe0bc3b9000 Uncommon trap: reason=class_check action=maybe_recompile pc=0x00007fe0ad119460 method=java.lang.String.equals(Ljava/lang/Object;)Z @ 8
Event: 2,744 Thread 0x00007fe0bc3b9000 Uncommon trap: reason=class_check action=maybe_recompile pc=0x00007fe0ad119460 method=java.lang.String.equals(Ljava/lang/Object;)Z @ 8
Event: 2,747 Thread 0x00007fe0bc3b9000 Uncommon trap: reason=class_check action=maybe_recompile pc=0x00007fe0ad119460 method=java.lang.String.equals(Ljava/lang/Object;)Z @ 8

Classes redefined (0 events):
No events

Internal exceptions (10 events):
Event: 1,453 Thread 0x00007fe0bc3b9000 Exception <a 'java/lang/NullPointerException'> (0x00000000ec2dcc28) thrown at [/build/openjdk-8-v3AEsl/openjdk-8-8u162-b12/src/hotspot/src/share/vm/prims/jvm.cpp, line 1394]
Event: 1,629 Thread 0x00007fe0bc3b9000 Implicit null exception at 0x00007fe0ad272513 to 0x00007fe0ad2734a9
Event: 1,710 Thread 0x00007fe0bc3b9000 Exception <a 'java/lang/ArrayIndexOutOfBoundsException'> (0x00000000eb9ec440) thrown at [/build/openjdk-8-v3AEsl/openjdk-8-8u162-b12/src/hotspot/src/share/vm/runtime/sharedRuntime.cpp, line 605]
Event: 1,711 Thread 0x00007fe0bc3b9000 Exception <a 'java/lang/ArrayIndexOutOfBoundsException'> (0x00000000eb9ed170) thrown at [/build/openjdk-8-v3AEsl/openjdk-8-8u162-b12/src/hotspot/src/share/vm/runtime/sharedRuntime.cpp, line 605]
Event: 1,711 Thread 0x00007fe0bc3b9000 Exception <a 'java/lang/ArrayIndexOutOfBoundsException'> (0x00000000eb9ee518) thrown at [/build/openjdk-8-v3AEsl/openjdk-8-8u162-b12/src/hotspot/src/share/vm/runtime/sharedRuntime.cpp, line 605]
Event: 1,713 Thread 0x00007fe0bc3b9000 Exception <a 'java/lang/ArrayIndexOutOfBoundsException'> (0x00000000eb9f2be8) thrown at [/build/openjdk-8-v3AEsl/openjdk-8-8u162-b12/src/hotspot/src/share/vm/runtime/sharedRuntime.cpp, line 605]
Event: 1,806 Thread 0x00007fe0bc3b9000 Exception <a 'java/lang/ArrayIndexOutOfBoundsException'> (0x00000000ec1209b0) thrown at [/build/openjdk-8-v3AEsl/openjdk-8-8u162-b12/src/hotspot/src/share/vm/runtime/sharedRuntime.cpp, line 605]
Event: 1,918 Thread 0x00007fe0bc3b9000 Exception <a 'java/lang/ArrayIndexOutOfBoundsException'> (0x00000000ec8edad0) thrown at [/build/openjdk-8-v3AEsl/openjdk-8-8u162-b12/src/hotspot/src/share/vm/runtime/sharedRuntime.cpp, line 605]
Event: 1,985 Thread 0x00007fe0bc3b9000 Exception <a 'java/lang/ArrayIndexOutOfBoundsException'> (0x00000000ec4af788) thrown at [/build/openjdk-8-v3AEsl/openjdk-8-8u162-b12/src/hotspot/src/share/vm/runtime/sharedRuntime.cpp, line 605]
Event: 2,081 Thread 0x00007fe0bc3b9000 Exception <a 'java/lang/ArrayIndexOutOfBoundsException'> (0x00000000ee81c948) thrown at [/build/openjdk-8-v3AEsl/openjdk-8-8u162-b12/src/hotspot/src/share/vm/runtime/sharedRuntime.cpp, line 605]

Events (10 events):
Event: 2,827 loading class javafx/beans/property/ReadOnlyLongProperty done
Event: 2,829 loading class javafx/beans/property/ObjectPropertyBase$Listener
Event: 2,829 loading class javafx/beans/property/ObjectPropertyBase$Listener done
Event: 2,829 loading class javafx/collections/MapChangeListener$Change
Event: 2,829 loading class javafx/collections/MapChangeListener$Change done
Event: 2,829 loading class com/sun/javafx/scene/control/skin/MenuBarSkin$MenuBarButton
Event: 2,829 loading class com/sun/javafx/scene/control/skin/MenuBarSkin$MenuBarButton done
Event: 2,829 loading class com/sun/javafx/scene/control/skin/MenuBarSkin$MenuBarButton
Event: 2,829 loading class com/sun/javafx/scene/control/skin/MenuBarSkin$MenuBarButton done
Event: 2,837 Executing VM operation: ParallelGCFailedAllocation


Dynamic libraries:
c2a00000-c5380000 rw-p 00000000 00:00 0 
c5380000-eb900000 ---p 00000000 00:00 0 
eb900000-eff00000 rw-p 00000000 00:00 0 
f3d00000-100000000 ---p 00000000 00:00 0 
100000000-100220000 rw-p 00000000 00:00 0 
100220000-140000000 ---p 00000000 00:00 0 
557a43868000-557a43869000 r-xp 00000000 fd:01 5638987                    /usr/lib/jvm/java-8-openjdk-amd64/jre/bin/java
557a43a68000-557a43a69000 r--p 00000000 fd:01 5638987                    /usr/lib/jvm/java-8-openjdk-amd64/jre/bin/java
557a43a69000-557a43a6a000 rw-p 00001000 fd:01 5638987                    /usr/lib/jvm/java-8-openjdk-amd64/jre/bin/java
557a447b8000-557a447d9000 rw-p 00000000 00:00 0                          [heap]
7fe050000000-7fe050261000 rw-p 00000000 00:00 0 
7fe050261000-7fe054000000 ---p 00000000 00:00 0 
7fe054000000-7fe054021000 rw-p 00000000 00:00 0 
7fe054021000-7fe058000000 ---p 00000000 00:00 0 
7fe058000000-7fe058021000 rw-p 00000000 00:00 0 
7fe058021000-7fe05c000000 ---p 00000000 00:00 0 
7fe05c466000-7fe05c46d000 r--s 00000000 fd:01 12595617                   /var/cache/fontconfig/4be9850f182b35c1350b6bbf2e42601c-le64.cache-7
7fe05c46d000-7fe05c46e000 r--s 00000000 fd:01 12595614                   /var/cache/fontconfig/087e1975ba9a574b140bb1df193bf770-le64.cache-7
7fe05c46e000-7fe05c474000 r--s 00000000 fd:01 12595607                   /var/cache/fontconfig/6fe8b0d39a161d19087fe931545dda13-le64.cache-7
7fe05c474000-7fe05c478000 r--s 00000000 fd:01 12595594                   /var/cache/fontconfig/6aa41aa22e18b8fa06a12da28ea9c28b-le64.cache-7
7fe05c478000-7fe05c483000 r--s 00000000 fd:01 12583014                   /var/cache/fontconfig/945677eb7aeaf62f1d50efc3fb3ec7d8-le64.cache-7
7fe05c483000-7fe05c48a000 r--s 00000000 fd:01 12595593                   /var/cache/fontconfig/63c7aca0c1b0a3f740ee470c2e28e675-le64.cache-7
7fe05c48a000-7fe05c493000 r--s 00000000 fd:01 12595588                   /var/cache/fontconfig/a6d8cf8e4ec09cdbc8633c31745a07dd-le64.cache-7
7fe05c493000-7fe05c498000 r--s 00000000 fd:01 12582985                   /var/cache/fontconfig/2300eef321c393bfd76478a5c0e95b23-le64.cache-7
7fe05c498000-7fe05c499000 r--s 00000000 fd:01 12582978                   /var/cache/fontconfig/0d8c3b2ac0904cb8a57a757ad11a4a08-le64.cache-7
7fe05c499000-7fe05c4ae000 r--s 00000000 fd:01 12582974                   /var/cache/fontconfig/04aabc0a78ac019cf9454389977116d2-le64.cache-7
7fe05c4ae000-7fe05c4af000 r--s 00000000 fd:01 12582982                   /var/cache/fontconfig/1ac9eb803944fde146138c791f5cc56a-le64.cache-7
7fe05c4af000-7fe05c4b0000 r--s 00000000 fd:01 12595579                   /var/cache/fontconfig/b95bc8ffbebda2bbdae4265e45b8178d-le64.cache-7
7fe05c4b0000-7fe05c4b1000 r--s 00000000 fd:01 12595577                   /var/cache/fontconfig/9c956a7723ca69a44b382d9179c9802f-le64.cache-7
7fe05c4b1000-7fe05c4b2000 r--s 00000000 fd:01 12583033                   /var/cache/fontconfig/dc05db6664285cc2f12bf69c139ae4c3-le64.cache-7
7fe05c4b2000-7fe05c4b4000 r--s 00000000 fd:01 12582979                   /var/cache/fontconfig/14a5e22175779b556eaa434240950366-le64.cache-7
7fe05c4b4000-7fe05c4b5000 r--s 00000000 fd:01 12583006                   /var/cache/fontconfig/660208299946a285a940457d1287da33-le64.cache-7
7fe05c4b5000-7fe05c4b6000 r--s 00000000 fd:01 12595567                   /var/cache/fontconfig/5d1cca7074f29429a8d18692746c2426-le64.cache-7
7fe05c4b6000-7fe05c4b8000 r--s 00000000 fd:01 12582997                   /var/cache/fontconfig/4f3e3037c9980c83b53a9351efadef62-le64.cache-7
7fe05c4b8000-7fe05c4ba000 r--s 00000000 fd:01 12583011                   /var/cache/fontconfig/767a8244fc0220cfb567a839d0392e0b-le64.cache-7
7fe05c4ba000-7fe05c4bb000 r--s 00000000 fd:01 12582992                   /var/cache/fontconfig/4794a0821666d79190d59a36cb4f44b5-le64.cache-7
7fe05c4bb000-7fe05c4c0000 r--s 00000000 fd:01 12595565                   /var/cache/fontconfig/bbd3eebb6912613e2596f2fd46535a95-le64.cache-7
7fe05c4c0000-7fe05c4c1000 r--s 00000000 fd:01 12595553                   /var/cache/fontconfig/9eae20f1ff8cc0a7d125749e875856bd-le64.cache-7
7fe05c4c1000-7fe05c4fa000 r--s 00000000 fd:01 12595552                   /var/cache/fontconfig/0bd3dc0958fa2205aaaa8ebb13e2872b-le64.cache-7
7fe05c4fa000-7fe05c4fd000 r--s 00000000 fd:01 12595549                   /var/cache/fontconfig/bf2c1853a9e9b00bb02fe2e9bcf1e201-le64.cache-7
7fe05c4fd000-7fe05c502000 r--s 00000000 fd:01 12583034                   /var/cache/fontconfig/def309198bfa603429122923fa2bb2d4-le64.cache-7
7fe05c502000-7fe05c503000 r--s 00000000 fd:01 12583022                   /var/cache/fontconfig/b872e6e592da6075ffa4ab0a1fcc0c75-le64.cache-7
7fe05c503000-7fe05c504000 r--s 00000000 fd:01 12583039                   /var/cache/fontconfig/f6d4eedfaab2589bde49f7a3ff831d22-le64.cache-7
7fe05c504000-7fe05c505000 r--s 00000000 fd:01 12583004                   /var/cache/fontconfig/589f83ef4c36d296ce6e1c846f468f08-le64.cache-7
7fe05c505000-7fe05c506000 r--s 00000000 fd:01 12583024                   /var/cache/fontconfig/bab58bb527bb656aaa9f116d68a48d89-le64.cache-7
7fe05c506000-7fe05c507000 r--s 00000000 fd:01 12582983                   /var/cache/fontconfig/2171a34dccabdb6bcbbc728186263178-le64.cache-7
7fe05c507000-7fe05c508000 r--s 00000000 fd:01 12583025                   /var/cache/fontconfig/c5c45a61289222e0d30b1a26ef4effbe-le64.cache-7
7fe05c508000-7fe05c509000 r--s 00000000 fd:01 12583020                   /var/cache/fontconfig/aec30016f93e1b46d1a973dce0d74068-le64.cache-7
7fe05c509000-7fe05c50a000 r--s 00000000 fd:01 12582990                   /var/cache/fontconfig/3f589640d34b7dc9042c8d453f7c8b9c-le64.cache-7
7fe05c50a000-7fe05c50b000 r--s 00000000 fd:01 12582980                   /var/cache/fontconfig/16c2fda60d1b4b719f4b3d06fd951d25-le64.cache-7
7fe05c50b000-7fe05c50c000 r--s 00000000 fd:01 12583019                   /var/cache/fontconfig/a48eab177a16e4f3713381162db2f3e9-le64.cache-7
7fe05c50c000-7fe05c50d000 r--s 00000000 fd:01 12583000                   /var/cache/fontconfig/564b2e68ac9bc4e36a6f7f6d6125ec1c-le64.cache-7
7fe05c50d000-7fe05c512000 r--s 00000000 fd:01 12583017                   /var/cache/fontconfig/9d2451b1fd30e5bffe8383fd27c35478-le64.cache-7
7fe05c512000-7fe05c518000 r--s 00000000 fd:01 12582986                   /var/cache/fontconfig/3047814df9a2f067bd2d96a2b9c36e5a-le64.cache-7
7fe05c518000-7fe05c520000 r--s 00000000 fd:01 12595537                   /var/cache/fontconfig/bf3b770c553c462765856025a94f1ce6-le64.cache-7
7fe05c520000-7fe05c521000 r--s 00000000 fd:01 12583001                   /var/cache/fontconfig/56cf4f4769d0f4abc89a4895d7bd3ae1-le64.cache-7
7fe05c521000-7fe05c522000 r--s 00000000 fd:01 12583023                   /var/cache/fontconfig/b9d506c9ac06c20b433354fa67a72993-le64.cache-7
7fe05c522000-7fe05c528000 r--s 00000000 fd:01 12583021                   /var/cache/fontconfig/b47c4e1ecd0709278f4910c18777a504-le64.cache-7
7fe05c528000-7fe05c52b000 r--s 00000000 fd:01 12595536                   /var/cache/fontconfig/14d493b97896515cad3840ba4896e372-le64.cache-7
7fe05c52b000-7fe05c52d000 r--s 00000000 fd:01 12595531                   /var/cache/fontconfig/715927c029ee5789f7bcbe92036c8d73-le64.cache-7
7fe05c52d000-7fe05c530000 r--s 00000000 fd:01 12595518                   /var/cache/fontconfig/e49e89034d371f0f9de17aab02136486-le64.cache-7
7fe05c530000-7fe05c532000 r--s 00000000 fd:01 12595516                   /var/cache/fontconfig/4b14b093aebc79c320de5e86ae1d3314-le64.cache-7
7fe05c532000-7fe05c533000 r--s 00000000 fd:01 12595511                   /var/cache/fontconfig/8aec10f4cc8391dcef22ca549f1e4354-le64.cache-7
7fe05c533000-7fe05c546000 r--s 00000000 fd:01 12583030                   /var/cache/fontconfig/d52a8644073d54c13679302ca1180695-le64.cache-7
7fe05c546000-7fe05c547000 r--s 00000000 fd:01 12582988                   /var/cache/fontconfig/370e5b74bf5dafc30834de68e24a87a4-le64.cache-7
7fe05c547000-7fe05c548000 r--s 00000000 fd:01 12583009                   /var/cache/fontconfig/6b2c5944714ca7831b25bed9e85cb5c8-le64.cache-7
7fe05c548000-7fe05c549000 r--s 00000000 fd:01 12583029                   /var/cache/fontconfig/d5178ab6d91b49bf20a416737dcea9e8-le64.cache-7
7fe05c549000-7fe05c54a000 r--s 00000000 fd:01 12582999                   /var/cache/fontconfig/551ecf3b0e8b0bca0f25c0944f561853-le64.cache-7
7fe05c54a000-7fe05c54d000 r--s 00000000 fd:01 12583038                   /var/cache/fontconfig/f259c2cffa685e28062317905db73c4a-le64.cache-7
7fe05c54d000-7fe05c54f000 r--s 00000000 fd:01 12582998                   /var/cache/fontconfig/550f3886151c940c12a5ed35f6a00586-le64.cache-7
7fe05c54f000-7fe05c552000 r--s 00000000 fd:01 12583007                   /var/cache/fontconfig/674d1711f2d1d2a09646eb0bdcadee49-le64.cache-7
7fe05c552000-7fe05c553000 r--s 00000000 fd:01 12595499                   /var/cache/fontconfig/8a687c406b77f27d99abfeeba937fcce-le64.cache-7
7fe05c553000-7fe05c559000 r--s 00000000 fd:01 12595494                   /var/cache/fontconfig/75ad6aa2358a85f0de2c8ee4837e8227-le64.cache-7
7fe05c559000-7fe05c55a000 r--s 00000000 fd:01 12582991                   /var/cache/fontconfig/3f7329c5293ffd510edef78f73874cfd-le64.cache-7
7fe05c55a000-7fe05c55b000 r--s 00000000 fd:01 12595483                   /var/cache/fontconfig/ac2cf712d852da827a87a9baf682f5b9-le64.cache-7
7fe05c55b000-7fe05c55d000 r--s 00000000 fd:01 12595468                   /var/cache/fontconfig/65f976e5259cbe6dc7697b8648396239-le64.cache-7
7fe05c55d000-7fe05c569000 r--s 00000000 fd:01 12594032                   /var/cache/fontconfig/d589a48862398ed80a3d6066f4f56f4c-le64.cache-7
7fe05c569000-7fe05c56d000 r--s 00000000 fd:01 12595466                   /var/cache/fontconfig/246184dc75a16901ca37d96895904249-le64.cache-7
7fe05c56d000-7fe05c572000 r--s 00000000 fd:01 12595461                   /var/cache/fontconfig/b25010134a2e462c779c1c1d5ccbff7b-le64.cache-7
7fe05c572000-7fe05c573000 r--s 00000000 fd:01 12595452                   /var/cache/fontconfig/94f7fe9bd33aadfac165873bd010d595-le64.cache-7
7fe05c573000-7fe05c575000 r--s 00000000 fd:01 12595450                   /var/cache/fontconfig/423767150eb258c59035de29db6fca84-le64.cache-7
7fe05c575000-7fe05c576000 r--s 00000000 fd:01 12595440                   /var/cache/fontconfig/845c20fd2c4814bcec78e05d37a63ccc-le64.cache-7
7fe05c576000-7fe05c577000 r--s 00000000 fd:01 12595430                   /var/cache/fontconfig/e7de81b01590fb7e12b38e274e17d0db-le64.cache-7
7fe05c577000-7fe05c57b000 r--s 00000000 fd:01 12595429                   /var/cache/fontconfig/6386b86020ecc1ef9690bb720a13964f-le64.cache-7
7fe05c57b000-7fe05c57c000 r--s 00000000 fd:01 12595424                   /var/cache/fontconfig/406a1d2d2bf3ed7664fbadefac0b2f66-le64.cache-7
7fe05c57c000-7fe05c57e000 r--s 00000000 fd:01 12595411                   /var/cache/fontconfig/67709b7835c0f764c1135060c9575660-le64.cache-7
7fe05c57e000-7fe05c580000 r--s 00000000 fd:01 12595409                   /var/cache/fontconfig/099525ddca5eae4f2477b69cf2d7f16d-le64.cache-7
7fe05c580000-7fe05c582000 r--s 00000000 fd:01 12595402                   /var/cache/fontconfig/61092ac79d9058a69eda095afa0a78f1-le64.cache-7
7fe05c582000-7fe05c584000 r--s 00000000 fd:01 12595392                   /var/cache/fontconfig/a722efc6911bbe16667b1a77497ffd37-le64.cache-7
7fe05c584000-7fe05c586000 r--s 00000000 fd:01 12595391                   /var/cache/fontconfig/d63fdd8e0f42559533dd777c334fdfcc-le64.cache-7
7fe05c586000-7fe05c597000 r--s 00000000 fd:01 12595384                   /var/cache/fontconfig/198d8fcf01c96d0cf813f74fd759bdb7-le64.cache-7
7fe05c597000-7fe05c5a2000 r--s 00000000 fd:01 12595365                   /var/cache/fontconfig/83bf95040141907cd45bb53cf7c1c148-le64.cache-7
7fe05c5a2000-7fe05c5b0000 r--s 00000000 fd:01 12583016                   /var/cache/fontconfig/9b89f8e3dae116d678bbf48e5f21f69b-le64.cache-7
7fe05c5b0000-7fe05c5b5000 r-xp 00000000 fd:01 5639128                    /usr/lib/jvm/java-8-openjdk-amd64/jre/lib/amd64/libjavafx_font_freetype.so
7fe05c5b5000-7fe05c7b4000 ---p 00005000 fd:01 5639128                    /usr/lib/jvm/java-8-openjdk-amd64/jre/lib/amd64/libjavafx_font_freetype.so
7fe05c7b4000-7fe05c7b5000 r--p 00004000 fd:01 5639128                    /usr/lib/jvm/java-8-openjdk-amd64/jre/lib/amd64/libjavafx_font_freetype.so
7fe05c7b5000-7fe05c7b6000 rw-p 00005000 fd:01 5639128                    /usr/lib/jvm/java-8-openjdk-amd64/jre/lib/amd64/libjavafx_font_freetype.so
7fe05c7b6000-7fe05c9b6000 rw-p 00000000 00:00 0 
7fe05c9b6000-7fe05cbb6000 rw-p 00000000 00:00 0 
7fe05cbb6000-7fe05cbb9000 r-xp 00000000 fd:01 5639127                    /usr/lib/jvm/java-8-openjdk-amd64/jre/lib/amd64/libjavafx_font.so
7fe05cbb9000-7fe05cdb8000 ---p 00003000 fd:01 5639127                    /usr/lib/jvm/java-8-openjdk-amd64/jre/lib/amd64/libjavafx_font.so
7fe05cdb8000-7fe05cdb9000 r--p 00002000 fd:01 5639127                    /usr/lib/jvm/java-8-openjdk-amd64/jre/lib/amd64/libjavafx_font.so
7fe05cdb9000-7fe05cdba000 rw-p 00003000 fd:01 5639127                    /usr/lib/jvm/java-8-openjdk-amd64/jre/lib/amd64/libjavafx_font.so
7fe05cdba000-7fe05cdbd000 ---p 00000000 00:00 0 
7fe05cdbd000-7fe05cebb000 rw-p 00000000 00:00 0 
7fe05cebb000-7fe05cebe000 ---p 00000000 00:00 0 
7fe05cebe000-7fe05cfbc000 rw-p 00000000 00:00 0 
7fe05cfbc000-7fe05cff6000 r-xp 00000000 fd:01 5246096                    /usr/lib/x86_64-linux-gnu/gtk-2.0/2.10.0/engines/libmurrine.so
7fe05cff6000-7fe05d1f6000 ---p 0003a000 fd:01 5246096                    /usr/lib/x86_64-linux-gnu/gtk-2.0/2.10.0/engines/libmurrine.so
7fe05d1f6000-7fe05d1f7000 r--p 0003a000 fd:01 5246096                    /usr/lib/x86_64-linux-gnu/gtk-2.0/2.10.0/engines/libmurrine.so
7fe05d1f7000-7fe05d1f8000 rw-p 0003b000 fd:01 5246096                    /usr/lib/x86_64-linux-gnu/gtk-2.0/2.10.0/engines/libmurrine.so
7fe05d1f8000-7fe05d1fe000 r-xp 00000000 fd:01 6689546                    /lib/x86_64-linux-gnu/libuuid.so.1.3.0
7fe05d1fe000-7fe05d3fd000 ---p 00006000 fd:01 6689546                    /lib/x86_64-linux-gnu/libuuid.so.1.3.0
7fe05d3fd000-7fe05d3fe000 r--p 00005000 fd:01 6689546                    /lib/x86_64-linux-gnu/libuuid.so.1.3.0
7fe05d3fe000-7fe05d3ff000 rw-p 00006000 fd:01 6689546                    /lib/x86_64-linux-gnu/libuuid.so.1.3.0
7fe05d3ff000-7fe05d405000 r-xp 00000000 fd:01 4988866                    /usr/lib/x86_64-linux-gnu/libdatrie.so.1.3.3
7fe05d405000-7fe05d604000 ---p 00006000 fd:01 4988866                    /usr/lib/x86_64-linux-gnu/libdatrie.so.1.3.3
7fe05d604000-7fe05d605000 r--p 00005000 fd:01 4988866                    /usr/lib/x86_64-linux-gnu/libdatrie.so.1.3.3
7fe05d605000-7fe05d606000 rw-p 00006000 fd:01 4988866                    /usr/lib/x86_64-linux-gnu/libdatrie.so.1.3.3
7fe05d606000-7fe05d631000 r-xp 00000000 fd:01 4989123                    /usr/lib/x86_64-linux-gnu/libgraphite2.so.3.0.1
7fe05d631000-7fe05d830000 ---p 0002b000 fd:01 4989123                    /usr/lib/x86_64-linux-gnu/libgraphite2.so.3.0.1
7fe05d830000-7fe05d832000 r--p 0002a000 fd:01 4989123                    /usr/lib/x86_64-linux-gnu/libgraphite2.so.3.0.1
7fe05d832000-7fe05d833000 rw-p 0002c000 fd:01 4989123                    /usr/lib/x86_64-linux-gnu/libgraphite2.so.3.0.1
7fe05d833000-7fe05d87a000 r-xp 00000000 fd:01 6689370                    /lib/x86_64-linux-gnu/libblkid.so.1.1.0
7fe05d87a000-7fe05da7a000 ---p 00047000 fd:01 6689370                    /lib/x86_64-linux-gnu/libblkid.so.1.1.0
7fe05da7a000-7fe05da7e000 r--p 00047000 fd:01 6689370                    /lib/x86_64-linux-gnu/libblkid.so.1.1.0
7fe05da7e000-7fe05da7f000 rw-p 0004b000 fd:01 6689370                    /lib/x86_64-linux-gnu/libblkid.so.1.1.0
7fe05da7f000-7fe05da80000 rw-p 00000000 00:00 0 
7fe05da80000-7fe05da88000 r-xp 00000000 fd:01 4989680                    /usr/lib/x86_64-linux-gnu/libthai.so.0.3.0
7fe05da88000-7fe05dc87000 ---p 00008000 fd:01 4989680                    /usr/lib/x86_64-linux-gnu/libthai.so.0.3.0
7fe05dc87000-7fe05dc88000 r--p 00007000 fd:01 4989680                    /usr/lib/x86_64-linux-gnu/libthai.so.0.3.0
7fe05dc88000-7fe05dc89000 rw-p 00008000 fd:01 4989680                    /usr/lib/x86_64-linux-gnu/libthai.so.0.3.0
7fe05dc89000-7fe05dd25000 r-xp 00000000 fd:01 4989206                    /usr/lib/x86_64-linux-gnu/libharfbuzz.so.0.10702.0
7fe05dd25000-7fe05df25000 ---p 0009c000 fd:01 4989206                    /usr/lib/x86_64-linux-gnu/libharfbuzz.so.0.10702.0
7fe05df25000-7fe05df26000 r--p 0009c000 fd:01 4989206                    /usr/lib/x86_64-linux-gnu/libharfbuzz.so.0.10702.0
7fe05df26000-7fe05df27000 rw-p 0009d000 fd:01 4989206                    /usr/lib/x86_64-linux-gnu/libharfbuzz.so.0.10702.0
7fe05df27000-7fe05df97000 r-xp 00000000 fd:01 6689500                    /lib/x86_64-linux-gnu/libpcre.so.3.13.3
7fe05df97000-7fe05e197000 ---p 00070000 fd:01 6689500                    /lib/x86_64-linux-gnu/libpcre.so.3.13.3
7fe05e197000-7fe05e198000 r--p 00070000 fd:01 6689500                    /lib/x86_64-linux-gnu/libpcre.so.3.13.3
7fe05e198000-7fe05e199000 rw-p 00071000 fd:01 6689500                    /lib/x86_64-linux-gnu/libpcre.so.3.13.3
7fe05e199000-7fe05e1ea000 r-xp 00000000 fd:01 6689447                    /lib/x86_64-linux-gnu/libmount.so.1.1.0
7fe05e1ea000-7fe05e3e9000 ---p 00051000 fd:01 6689447                    /lib/x86_64-linux-gnu/libmount.so.1.1.0
7fe05e3e9000-7fe05e3eb000 r--p 00050000 fd:01 6689447                    /lib/x86_64-linux-gnu/libmount.so.1.1.0
7fe05e3eb000-7fe05e3ec000 rw-p 00052000 fd:01 6689447                    /lib/x86_64-linux-gnu/libmount.so.1.1.0
7fe05e3ec000-7fe05e3ed000 rw-p 00000000 00:00 0 
7fe05e3ed000-7fe05e404000 r-xp 00000000 fd:01 6689517                    /lib/x86_64-linux-gnu/libresolv-2.27.so
7fe05e404000-7fe05e604000 ---p 00017000 fd:01 6689517                    /lib/x86_64-linux-gnu/libresolv-2.27.so
7fe05e604000-7fe05e605000 r--p 00017000 fd:01 6689517                    /lib/x86_64-linux-gnu/libresolv-2.27.so
7fe05e605000-7fe05e606000 rw-p 00018000 fd:01 6689517                    /lib/x86_64-linux-gnu/libresolv-2.27.so
7fe05e606000-7fe05e608000 rw-p 00000000 00:00 0 
7fe05e608000-7fe05e62d000 r-xp 00000000 fd:01 6689523                    /lib/x86_64-linux-gnu/libselinux.so.1
7fe05e62d000-7fe05e82c000 ---p 00025000 fd:01 6689523                    /lib/x86_64-linux-gnu/libselinux.so.1
7fe05e82c000-7fe05e82d000 r--p 00024000 fd:01 6689523                    /lib/x86_64-linux-gnu/libselinux.so.1
7fe05e82d000-7fe05e82e000 rw-p 00025000 fd:01 6689523                    /lib/x86_64-linux-gnu/libselinux.so.1
7fe05e82e000-7fe05e830000 rw-p 00000000 00:00 0 
7fe05e830000-7fe05e83c000 r-xp 00000000 fd:01 4989824                    /usr/lib/x86_64-linux-gnu/libxcb-render.so.0.0.0
7fe05e83c000-7fe05ea3b000 ---p 0000c000 fd:01 4989824                    /usr/lib/x86_64-linux-gnu/libxcb-render.so.0.0.0
7fe05ea3b000-7fe05ea3c000 r--p 0000b000 fd:01 4989824                    /usr/lib/x86_64-linux-gnu/libxcb-render.so.0.0.0
7fe05ea3c000-7fe05ea3d000 rw-p 0000c000 fd:01 4989824                    /usr/lib/x86_64-linux-gnu/libxcb-render.so.0.0.0
7fe05ea3d000-7fe05ea3f000 r-xp 00000000 fd:01 4989830                    /usr/lib/x86_64-linux-gnu/libxcb-shm.so.0.0.0
7fe05ea3f000-7fe05ec3e000 ---p 00002000 fd:01 4989830                    /usr/lib/x86_64-linux-gnu/libxcb-shm.so.0.0.0
7fe05ec3e000-7fe05ec3f000 r--p 00001000 fd:01 4989830                    /usr/lib/x86_64-linux-gnu/libxcb-shm.so.0.0.0
7fe05ec3f000-7fe05ec40000 rw-p 00002000 fd:01 4989830                    /usr/lib/x86_64-linux-gnu/libxcb-shm.so.0.0.0
7fe05ec40000-7fe05ec71000 r-xp 00000000 fd:01 4989502                    /usr/lib/x86_64-linux-gnu/libpng16.so.16.34.0
7fe05ec71000-7fe05ee70000 ---p 00031000 fd:01 4989502                    /usr/lib/x86_64-linux-gnu/libpng16.so.16.34.0
7fe05ee70000-7fe05ee71000 r--p 00030000 fd:01 4989502                    /usr/lib/x86_64-linux-gnu/libpng16.so.16.34.0
7fe05ee71000-7fe05ee72000 rw-p 00031000 fd:01 4989502                    /usr/lib/x86_64-linux-gnu/libpng16.so.16.34.0
7fe05ee72000-7fe05ef1f000 r-xp 00000000 fd:01 4989012                    /usr/lib/x86_64-linux-gnu/libfreetype.so.6.15.0
7fe05ef1f000-7fe05f11e000 ---p 000ad000 fd:01 4989012                    /usr/lib/x86_64-linux-gnu/libfreetype.so.6.15.0
7fe05f11e000-7fe05f125000 r--p 000ac000 fd:01 4989012                    /usr/lib/x86_64-linux-gnu/libfreetype.so.6.15.0
7fe05f125000-7fe05f126000 rw-p 000b3000 fd:01 4989012                    /usr/lib/x86_64-linux-gnu/libfreetype.so.6.15.0
7fe05f126000-7fe05f1c3000 r-xp 00000000 fd:01 4989496                    /usr/lib/x86_64-linux-gnu/libpixman-1.so.0.34.0
7fe05f1c3000-7fe05f3c2000 ---p 0009d000 fd:01 4989496                    /usr/lib/x86_64-linux-gnu/libpixman-1.so.0.34.0
7fe05f3c2000-7fe05f3ca000 r--p 0009c000 fd:01 4989496                    /usr/lib/x86_64-linux-gnu/libpixman-1.so.0.34.0
7fe05f3ca000-7fe05f3cb000 rw-p 000a4000 fd:01 4989496                    /usr/lib/x86_64-linux-gnu/libpixman-1.so.0.34.0
7fe05f3cb000-7fe05f3cd000 r-xp 00000000 fd:01 4988643                    /usr/lib/x86_64-linux-gnu/libXcomposite.so.1.0.0
7fe05f3cd000-7fe05f5cc000 ---p 00002000 fd:01 4988643                    /usr/lib/x86_64-linux-gnu/libXcomposite.so.1.0.0
7fe05f5cc000-7fe05f5cd000 r--p 00001000 fd:01 4988643                    /usr/lib/x86_64-linux-gnu/libXcomposite.so.1.0.0
7fe05f5cd000-7fe05f5ce000 rw-p 00002000 fd:01 4988643                    /usr/lib/x86_64-linux-gnu/libXcomposite.so.1.0.0
7fe05f5ce000-7fe05f5d7000 r-xp 00000000 fd:01 4988645                    /usr/lib/x86_64-linux-gnu/libXcursor.so.1.0.2
7fe05f5d7000-7fe05f7d6000 ---p 00009000 fd:01 4988645                    /usr/lib/x86_64-linux-gnu/libXcursor.so.1.0.2
7fe05f7d6000-7fe05f7d7000 r--p 00008000 fd:01 4988645                    /usr/lib/x86_64-linux-gnu/libXcursor.so.1.0.2
7fe05f7d7000-7fe05f7d8000 rw-p 00009000 fd:01 4988645                    /usr/lib/x86_64-linux-gnu/libXcursor.so.1.0.2
7fe05f7d8000-7fe05f7e2000 r-xp 00000000 fd:01 4988669                    /usr/lib/x86_64-linux-gnu/libXrandr.so.2.2.0
7fe05f7e2000-7fe05f9e1000 ---p 0000a000 fd:01 4988669                    /usr/lib/x86_64-linux-gnu/libXrandr.so.2.2.0
7fe05f9e1000-7fe05f9e2000 r--p 00009000 fd:01 4988669                    /usr/lib/x86_64-linux-gnu/libXrandr.so.2.2.0
7fe05f9e2000-7fe05f9e3000 rw-p 0000a000 fd:01 4988669                    /usr/lib/x86_64-linux-gnu/libXrandr.so.2.2.0
7fe05f9e3000-7fe05f9f2000 r-xp 00000000 fd:01 4988659                    /usr/lib/x86_64-linux-gnu/libXi.so.6.1.0
7fe05f9f2000-7fe05fbf1000 ---p 0000f000 fd:01 4988659                    /usr/lib/x86_64-linux-gnu/libXi.so.6.1.0
7fe05fbf1000-7fe05fbf2000 r--p 0000e000 fd:01 4988659                    /usr/lib/x86_64-linux-gnu/libXi.so.6.1.0
7fe05fbf2000-7fe05fbf3000 rw-p 0000f000 fd:01 4988659                    /usr/lib/x86_64-linux-gnu/libXi.so.6.1.0
7fe05fbf3000-7fe05fbf5000 r-xp 00000000 fd:01 4988661                    /usr/lib/x86_64-linux-gnu/libXinerama.so.1.0.0
7fe05fbf5000-7fe05fdf4000 ---p 00002000 fd:01 4988661                    /usr/lib/x86_64-linux-gnu/libXinerama.so.1.0.0
7fe05fdf4000-7fe05fdf5000 r--p 00001000 fd:01 4988661                    /usr/lib/x86_64-linux-gnu/libXinerama.so.1.0.0
7fe05fdf5000-7fe05fdf6000 rw-p 00002000 fd:01 4988661                    /usr/lib/x86_64-linux-gnu/libXinerama.so.1.0.0
7fe05fdf6000-7fe05fdff000 r-xp 00000000 fd:01 4988671                    /usr/lib/x86_64-linux-gnu/libXrender.so.1.3.0
7fe05fdff000-7fe05fffe000 ---p 00009000 fd:01 4988671                    /usr/lib/x86_64-linux-gnu/libXrender.so.1.3.0
7fe05fffe000-7fe05ffff000 r--p 00008000 fd:01 4988671                    /usr/lib/x86_64-linux-gnu/libXrender.so.1.3.0
7fe05ffff000-7fe060000000 rw-p 00009000 fd:01 4988671                    /usr/lib/x86_64-linux-gnu/libXrender.so.1.3.0
7fe060000000-7fe060021000 rw-p 00000000 00:00 0 
7fe060021000-7fe064000000 ---p 00000000 00:00 0 
7fe064000000-7fe064001000 r--s 00000000 fd:01 12582977                   /var/cache/fontconfig/0c9eb80ebd1c36541ebe2852d3bb0c49-le64.cache-7
7fe064001000-7fe064002000 r--s 00000000 fd:01 12582984                   /var/cache/fontconfig/22368d551a680bfe5a62c02760edf4ea-le64.cache-7
7fe064002000-7fe064003000 r--s 00000000 fd:01 12582996                   /var/cache/fontconfig/4d9c95eba1cb85bbcf2878543262124a-le64.cache-7
7fe064003000-7fe064004000 r--s 00000000 fd:01 12583013                   /var/cache/fontconfig/85e0a52ce643a7ba2ae53e5d6949cead-le64.cache-7
7fe064004000-7fe064005000 r--s 00000000 fd:01 12582993                   /var/cache/fontconfig/49f0de54bdd920fe4f0dfd4cbac43e6b-le64.cache-7
7fe064005000-7fe064008000 r--s 00000000 fd:01 12595372                   /var/cache/fontconfig/75114ca45c98e8a441da0ff356701271-le64.cache-7
7fe064008000-7fe06400a000 r--s 00000000 fd:01 12583008                   /var/cache/fontconfig/6afa1bb216ce958c1589e297e8008489-le64.cache-7
7fe06400a000-7fe06400c000 r--s 00000000 fd:01 12595362                   /var/cache/fontconfig/6e6b34ae150a7ad95e82fb4a522f0bda-le64.cache-7
7fe06400c000-7fe064013000 r--s 00000000 fd:01 12595347                   /var/cache/fontconfig/53d14c92082a93e67d5078324eb314ca-le64.cache-7
7fe064013000-7fe064017000 r--s 00000000 fd:01 12595328                   /var/cache/fontconfig/6c08beecf0dac481ec92e759e0c2e6d7-le64.cache-7
7fe064017000-7fe06401b000 r--s 00000000 fd:01 12595311                   /var/cache/fontconfig/4d6aee6d44eccb37054d3216e945f618-le64.cache-7
7fe06401b000-7fe06401f000 r--s 00000000 fd:01 12595306                   /var/cache/fontconfig/d6c6df98c3df5faf9bd0f8ef4d91efe5-le64.cache-7
7fe06401f000-7fe064023000 r--s 00000000 fd:01 12595298                   /var/cache/fontconfig/9fb319ef52839f11ee26ab8b4cffa12b-le64.cache-7
7fe064023000-7fe064036000 r--s 00000000 fd:01 12595266                   /var/cache/fontconfig/4ac51e5cfbc76fc3f983e470323a16d3-le64.cache-7
7fe064036000-7fe0640b6000 rw-s 11a9d0000 00:06 335                       /dev/dri/card0
7fe0640b6000-7fe0640b9000 ---p 00000000 00:00 0 
7fe0640b9000-7fe0641b7000 rw-p 00000000 00:00 0 
7fe0641b7000-7fe0641e2000 r--p 00000000 fd:01 6169844                    /usr/share/locale-langpack/fr/LC_MESSAGES/gtk20-properties.mo
7fe0641e2000-7fe064220000 r-xp 00000000 fd:01 4988994                    /usr/lib/x86_64-linux-gnu/libfontconfig.so.1.10.1
7fe064220000-7fe064420000 ---p 0003e000 fd:01 4988994                    /usr/lib/x86_64-linux-gnu/libfontconfig.so.1.10.1
7fe064420000-7fe064422000 r--p 0003e000 fd:01 4988994                    /usr/lib/x86_64-linux-gnu/libfontconfig.so.1.10.1
7fe064422000-7fe064427000 rw-p 00040000 fd:01 4988994                    /usr/lib/x86_64-linux-gnu/libfontconfig.so.1.10.1
7fe064427000-7fe064471000 r-xp 00000000 fd:01 4989464                    /usr/lib/x86_64-linux-gnu/libpango-1.0.so.0.4000.14
7fe064471000-7fe064670000 ---p 0004a000 fd:01 4989464                    /usr/lib/x86_64-linux-gnu/libpango-1.0.so.0.4000.14
7fe064670000-7fe064673000 r--p 00049000 fd:01 4989464                    /usr/lib/x86_64-linux-gnu/libpango-1.0.so.0.4000.14
7fe064673000-7fe064674000 rw-p 0004c000 fd:01 4989464                    /usr/lib/x86_64-linux-gnu/libpango-1.0.so.0.4000.14
7fe064674000-7fe064688000 r-xp 00000000 fd:01 4989468                    /usr/lib/x86_64-linux-gnu/libpangoft2-1.0.so.0.4000.14
7fe064688000-7fe064888000 ---p 00014000 fd:01 4989468                    /usr/lib/x86_64-linux-gnu/libpangoft2-1.0.so.0.4000.14
7fe064888000-7fe064889000 r--p 00014000 fd:01 4989468                    /usr/lib/x86_64-linux-gnu/libpangoft2-1.0.so.0.4000.14
7fe064889000-7fe06488a000 rw-p 00015000 fd:01 4989468                    /usr/lib/x86_64-linux-gnu/libpangoft2-1.0.so.0.4000.14
7fe06488a000-7fe0648ac000 r-xp 00000000 fd:01 4988724                    /usr/lib/x86_64-linux-gnu/libatk-1.0.so.0.22810.1
7fe0648ac000-7fe064aac000 ---p 00022000 fd:01 4988724                    /usr/lib/x86_64-linux-gnu/libatk-1.0.so.0.22810.1
7fe064aac000-7fe064aaf000 r--p 00022000 fd:01 4988724                    /usr/lib/x86_64-linux-gnu/libatk-1.0.so.0.22810.1
7fe064aaf000-7fe064ab0000 rw-p 00025000 fd:01 4988724                    /usr/lib/x86_64-linux-gnu/libatk-1.0.so.0.22810.1
7fe064ab0000-7fe064abc000 r-xp 00000000 fd:01 4989466                    /usr/lib/x86_64-linux-gnu/libpangocairo-1.0.so.0.4000.14
7fe064abc000-7fe064cbb000 ---p 0000c000 fd:01 4989466                    /usr/lib/x86_64-linux-gnu/libpangocairo-1.0.so.0.4000.14
7fe064cbb000-7fe064cbc000 r--p 0000b000 fd:01 4989466                    /usr/lib/x86_64-linux-gnu/libpangocairo-1.0.so.0.4000.14
7fe064cbc000-7fe064cbd000 rw-p 0000c000 fd:01 4989466                    /usr/lib/x86_64-linux-gnu/libpangocairo-1.0.so.0.4000.14
7fe064cbd000-7fe064cc0000 r-xp 00000000 fd:01 4989078                    /usr/lib/x86_64-linux-gnu/libgmodule-2.0.so.0.5600.1
7fe064cc0000-7fe064ebf000 ---p 00003000 fd:01 4989078                    /usr/lib/x86_64-linux-gnu/libgmodule-2.0.so.0.5600.1
7fe064ebf000-7fe064ec0000 r--p 00002000 fd:01 4989078                    /usr/lib/x86_64-linux-gnu/libgmodule-2.0.so.0.5600.1
7fe064ec0000-7fe064ec1000 rw-p 00003000 fd:01 4989078                    /usr/lib/x86_64-linux-gnu/libgmodule-2.0.so.0.5600.1
7fe064ec1000-7fe064ec6000 r-xp 00000000 fd:01 4988677                    /usr/lib/x86_64-linux-gnu/libXtst.so.6.1.0
7fe064ec6000-7fe0650c5000 ---p 00005000 fd:01 4988677                    /usr/lib/x86_64-linux-gnu/libXtst.so.6.1.0
7fe0650c5000-7fe0650c6000 r--p 00004000 fd:01 4988677                    /usr/lib/x86_64-linux-gnu/libXtst.so.6.1.0
7fe0650c6000-7fe0650c7000 rw-p 00005000 fd:01 4988677                    /usr/lib/x86_64-linux-gnu/libXtst.so.6.1.0
7fe0650c7000-7fe0651da000 r-xp 00000000 fd:01 4989074                    /usr/lib/x86_64-linux-gnu/libglib-2.0.so.0.5600.1
7fe0651da000-7fe0653da000 ---p 00113000 fd:01 4989074                    /usr/lib/x86_64-linux-gnu/libglib-2.0.so.0.5600.1
7fe0653da000-7fe0653db000 r--p 00113000 fd:01 4989074                    /usr/lib/x86_64-linux-gnu/libglib-2.0.so.0.5600.1
7fe0653db000-7fe0653dc000 rw-p 00114000 fd:01 4989074                    /usr/lib/x86_64-linux-gnu/libglib-2.0.so.0.5600.1
7fe0653dc000-7fe0653dd000 rw-p 00000000 00:00 0 
7fe0653dd000-7fe0653de000 r-xp 00000000 fd:01 4989177                    /usr/lib/x86_64-linux-gnu/libgthread-2.0.so.0.5600.1
7fe0653de000-7fe0655dd000 ---p 00001000 fd:01 4989177                    /usr/lib/x86_64-linux-gnu/libgthread-2.0.so.0.5600.1
7fe0655dd000-7fe0655de000 r--p 00000000 fd:01 4989177                    /usr/lib/x86_64-linux-gnu/libgthread-2.0.so.0.5600.1
7fe0655de000-7fe0655df000 rw-p 00001000 fd:01 4989177                    /usr/lib/x86_64-linux-gnu/libgthread-2.0.so.0.5600.1
7fe0655df000-7fe065631000 r-xp 00000000 fd:01 4989102                    /usr/lib/x86_64-linux-gnu/libgobject-2.0.so.0.5600.1
7fe065631000-7fe065831000 ---p 00052000 fd:01 4989102                    /usr/lib/x86_64-linux-gnu/libgobject-2.0.so.0.5600.1
7fe065831000-7fe065832000 r--p 00052000 fd:01 4989102                    /usr/lib/x86_64-linux-gnu/libgobject-2.0.so.0.5600.1
7fe065832000-7fe065833000 rw-p 00053000 fd:01 4989102                    /usr/lib/x86_64-linux-gnu/libgobject-2.0.so.0.5600.1
7fe065833000-7fe0659c7000 r-xp 00000000 fd:01 4989068                    /usr/lib/x86_64-linux-gnu/libgio-2.0.so.0.5600.1
7fe0659c7000-7fe065bc7000 ---p 00194000 fd:01 4989068                    /usr/lib/x86_64-linux-gnu/libgio-2.0.so.0.5600.1
7fe065bc7000-7fe065bce000 r--p 00194000 fd:01 4989068                    /usr/lib/x86_64-linux-gnu/libgio-2.0.so.0.5600.1
7fe065bce000-7fe065bcf000 rw-p 0019b000 fd:01 4989068                    /usr/lib/x86_64-linux-gnu/libgio-2.0.so.0.5600.1
7fe065bcf000-7fe065bd1000 rw-p 00000000 00:00 0 
7fe065bd1000-7fe065bf3000 r-xp 00000000 fd:01 4989050                    /usr/lib/x86_64-linux-gnu/libgdk_pixbuf-2.0.so.0.3611.0
7fe065bf3000-7fe065df3000 ---p 00022000 fd:01 4989050                    /usr/lib/x86_64-linux-gnu/libgdk_pixbuf-2.0.so.0.3611.0
7fe065df3000-7fe065df4000 r--p 00022000 fd:01 4989050                    /usr/lib/x86_64-linux-gnu/libgdk_pixbuf-2.0.so.0.3611.0
7fe065df4000-7fe065df5000 rw-p 00023000 fd:01 4989050                    /usr/lib/x86_64-linux-gnu/libgdk_pixbuf-2.0.so.0.3611.0
7fe065df5000-7fe065f0d000 r-xp 00000000 fd:01 4988789                    /usr/lib/x86_64-linux-gnu/libcairo.so.2.11510.0
7fe065f0d000-7fe06610c000 ---p 00118000 fd:01 4988789                    /usr/lib/x86_64-linux-gnu/libcairo.so.2.11510.0
7fe06610c000-7fe06610f000 r--p 00117000 fd:01 4988789                    /usr/lib/x86_64-linux-gnu/libcairo.so.2.11510.0
7fe06610f000-7fe066111000 rw-p 0011a000 fd:01 4988789                    /usr/lib/x86_64-linux-gnu/libcairo.so.2.11510.0
7fe066111000-7fe066112000 rw-p 00000000 00:00 0 
7fe066112000-7fe0661c2000 r-xp 00000000 fd:01 4989048                    /usr/lib/x86_64-linux-gnu/libgdk-x11-2.0.so.0.2400.32
7fe0661c2000-7fe0663c1000 ---p 000b0000 fd:01 4989048                    /usr/lib/x86_64-linux-gnu/libgdk-x11-2.0.so.0.2400.32
7fe0663c1000-7fe0663c5000 r--p 000af000 fd:01 4989048                    /usr/lib/x86_64-linux-gnu/libgdk-x11-2.0.so.0.2400.32
7fe0663c5000-7fe0663c7000 rw-p 000b3000 fd:01 4989048                    /usr/lib/x86_64-linux-gnu/libgdk-x11-2.0.so.0.2400.32
7fe0663c7000-7fe0667fc000 r-xp 00000000 fd:01 4989181                    /usr/lib/x86_64-linux-gnu/libgtk-x11-2.0.so.0.2400.32
7fe0667fc000-7fe0669fb000 ---p 00435000 fd:01 4989181                    /usr/lib/x86_64-linux-gnu/libgtk-x11-2.0.so.0.2400.32
7fe0669fb000-7fe066a02000 r--p 00434000 fd:01 4989181                    /usr/lib/x86_64-linux-gnu/libgtk-x11-2.0.so.0.2400.32
7fe066a02000-7fe066a06000 rw-p 0043b000 fd:01 4989181                    /usr/lib/x86_64-linux-gnu/libgtk-x11-2.0.so.0.2400.32
7fe066a06000-7fe066a09000 rw-p 00000000 00:00 0 
7fe066a09000-7fe066a31000 r-xp 00000000 fd:01 5639125                    /usr/lib/jvm/java-8-openjdk-amd64/jre/lib/amd64/libglass.so
7fe066a31000-7fe066c31000 ---p 00028000 fd:01 5639125                    /usr/lib/jvm/java-8-openjdk-amd64/jre/lib/amd64/libglass.so
7fe066c31000-7fe066c32000 r--p 00028000 fd:01 5639125                    /usr/lib/jvm/java-8-openjdk-amd64/jre/lib/amd64/libglass.so
7fe066c32000-7fe066c33000 rw-p 00029000 fd:01 5639125                    /usr/lib/jvm/java-8-openjdk-amd64/jre/lib/amd64/libglass.so
7fe066c33000-7fe066cb3000 rw-s 114c94000 00:06 335                       /dev/dri/card0
7fe066cb3000-7fe066cb4000 ---p 00000000 00:00 0 
7fe066cb4000-7fe0674b4000 rw-p 00000000 00:00 0 
7fe0674b4000-7fe0674d9000 r-xp 00000000 fd:01 6689536                    /lib/x86_64-linux-gnu/libtinfo.so.5.9
7fe0674d9000-7fe0676d9000 ---p 00025000 fd:01 6689536                    /lib/x86_64-linux-gnu/libtinfo.so.5.9
7fe0676d9000-7fe0676dd000 r--p 00025000 fd:01 6689536                    /lib/x86_64-linux-gnu/libtinfo.so.5.9
7fe0676dd000-7fe0676de000 rw-p 00029000 fd:01 6689536                    /lib/x86_64-linux-gnu/libtinfo.so.5.9
7fe0676de000-7fe06770f000 r-xp 00000000 fd:01 4988936                    /usr/lib/x86_64-linux-gnu/libedit.so.2.0.56
7fe06770f000-7fe06790e000 ---p 00031000 fd:01 4988936                    /usr/lib/x86_64-linux-gnu/libedit.so.2.0.56
7fe06790e000-7fe067910000 r--p 00030000 fd:01 4988936                    /usr/lib/x86_64-linux-gnu/libedit.so.2.0.56
7fe067910000-7fe067911000 rw-p 00032000 fd:01 4988936                    /usr/lib/x86_64-linux-gnu/libedit.so.2.0.56
7fe067911000-7fe067915000 rw-p 00000000 00:00 0 
7fe067915000-7fe06791c000 r-xp 00000000 fd:01 4988980                    /usr/lib/x86_64-linux-gnu/libffi.so.6.0.4
7fe06791c000-7fe067b1b000 ---p 00007000 fd:01 4988980                    /usr/lib/x86_64-linux-gnu/libffi.so.6.0.4
7fe067b1b000-7fe067b1c000 r--p 00006000 fd:01 4988980                    /usr/lib/x86_64-linux-gnu/libffi.so.6.0.4
7fe067b1c000-7fe067b1d000 rw-p 00007000 fd:01 4988980                    /usr/lib/x86_64-linux-gnu/libffi.so.6.0.4
7fe067b1d000-7fe06b1df000 r-xp 00000000 fd:01 4988624                    /usr/lib/x86_64-linux-gnu/libLLVM-6.0.so.1
7fe06b1df000-7fe06b1e0000 ---p 036c2000 fd:01 4988624                    /usr/lib/x86_64-linux-gnu/libLLVM-6.0.so.1
7fe06b1e0000-7fe06b550000 r--p 036c2000 fd:01 4988624                    /usr/lib/x86_64-linux-gnu/libLLVM-6.0.so.1
7fe06b550000-7fe06b55e000 rw-p 03a32000 fd:01 4988624                    /usr/lib/x86_64-linux-gnu/libLLVM-6.0.so.1
7fe06b55e000-7fe06b5b9000 rw-p 00000000 00:00 0 
7fe06b5b9000-7fe06b5d2000 r-xp 00000000 fd:01 4988941                    /usr/lib/x86_64-linux-gnu/libelf-0.170.so
7fe06b5d2000-7fe06b7d1000 ---p 00019000 fd:01 4988941                    /usr/lib/x86_64-linux-gnu/libelf-0.170.so
7fe06b7d1000-7fe06b7d2000 r--p 00018000 fd:01 4988941                    /usr/lib/x86_64-linux-gnu/libelf-0.170.so
7fe06b7d2000-7fe06b7d3000 rw-p 00019000 fd:01 4988941                    /usr/lib/x86_64-linux-gnu/libelf-0.170.so
7fe06b7d3000-7fe06b7dc000 r-xp 00000000 fd:01 4988906                    /usr/lib/x86_64-linux-gnu/libdrm_amdgpu.so.1.0.0
7fe06b7dc000-7fe06b9db000 ---p 00009000 fd:01 4988906                    /usr/lib/x86_64-linux-gnu/libdrm_amdgpu.so.1.0.0
7fe06b9db000-7fe06b9dc000 r--p 00008000 fd:01 4988906                    /usr/lib/x86_64-linux-gnu/libdrm_amdgpu.so.1.0.0
7fe06b9dc000-7fe06b9dd000 rw-p 00009000 fd:01 4988906                    /usr/lib/x86_64-linux-gnu/libdrm_amdgpu.so.1.0.0
7fe06b9dd000-7fe06b9e8000 r-xp 00000000 fd:01 4988912                    /usr/lib/x86_64-linux-gnu/libdrm_radeon.so.1.0.1
7fe06b9e8000-7fe06bbe7000 ---p 0000b000 fd:01 4988912                    /usr/lib/x86_64-linux-gnu/libdrm_radeon.so.1.0.1
7fe06bbe7000-7fe06bbe8000 r--p 0000a000 fd:01 4988912                    /usr/lib/x86_64-linux-gnu/libdrm_radeon.so.1.0.1
7fe06bbe8000-7fe06bbe9000 rw-p 0000b000 fd:01 4988912                    /usr/lib/x86_64-linux-gnu/libdrm_radeon.so.1.0.1
7fe06bbe9000-7fe06bbf0000 r-xp 00000000 fd:01 4988910                    /usr/lib/x86_64-linux-gnu/libdrm_nouveau.so.2.0.0
7fe06bbf0000-7fe06bdef000 ---p 00007000 fd:01 4988910                    /usr/lib/x86_64-linux-gnu/libdrm_nouveau.so.2.0.0
7fe06bdef000-7fe06bdf0000 r--p 00006000 fd:01 4988910                    /usr/lib/x86_64-linux-gnu/libdrm_nouveau.so.2.0.0
7fe06bdf0000-7fe06bdf1000 rw-p 00007000 fd:01 4988910                    /usr/lib/x86_64-linux-gnu/libdrm_nouveau.so.2.0.0
7fe06bdf1000-7fe06bdff000 r-xp 00000000 fd:01 4989604                    /usr/lib/x86_64-linux-gnu/libsensors.so.4.4.0
7fe06bdff000-7fe06bffe000 ---p 0000e000 fd:01 4989604                    /usr/lib/x86_64-linux-gnu/libsensors.so.4.4.0
7fe06bffe000-7fe06bfff000 r--p 0000d000 fd:01 4989604                    /usr/lib/x86_64-linux-gnu/libsensors.so.4.4.0
7fe06bfff000-7fe06c000000 rw-p 0000e000 fd:01 4989604                    /usr/lib/x86_64-linux-gnu/libsensors.so.4.4.0
7fe06c000000-7fe06c1e5000 rw-p 00000000 00:00 0 
7fe06c1e5000-7fe070000000 ---p 00000000 00:00 0 
7fe070000000-7fe070018000 r--s 00000000 fd:01 12595039                   /var/cache/fontconfig/e13b20fdb08344e0e664864cc2ede53d-le64.cache-7
7fe070018000-7fe070159000 rw-s 00000000 fd:01 1835023                    /home/simon/.cache/mesa_shader_cache/index
7fe070159000-7fe07017f000 r--p 00000000 fd:01 6169892                    /usr/share/locale-langpack/fr/LC_MESSAGES/libc.mo
7fe07017f000-7fe070c07000 r-xp 00000000 fd:01 5245001                    /usr/lib/x86_64-linux-gnu/dri/nouveau_dri.so
7fe070c07000-7fe070e07000 ---p 00a88000 fd:01 5245001                    /usr/lib/x86_64-linux-gnu/dri/nouveau_dri.so
7fe070e07000-7fe070e5c000 r--p 00a88000 fd:01 5245001                    /usr/lib/x86_64-linux-gnu/dri/nouveau_dri.so
7fe070e5c000-7fe070e65000 rw-p 00add000 fd:01 5245001                    /usr/lib/x86_64-linux-gnu/dri/nouveau_dri.so
7fe070e65000-7fe07105e000 rw-p 00000000 00:00 0 
7fe07105e000-7fe07106e000 r-xp 00000000 fd:01 4988904                    /usr/lib/x86_64-linux-gnu/libdrm.so.2.4.0
7fe07106e000-7fe07126d000 ---p 00010000 fd:01 4988904                    /usr/lib/x86_64-linux-gnu/libdrm.so.2.4.0
7fe07126d000-7fe07126e000 r--p 0000f000 fd:01 4988904                    /usr/lib/x86_64-linux-gnu/libdrm.so.2.4.0
7fe07126e000-7fe07126f000 rw-p 00010000 fd:01 4988904                    /usr/lib/x86_64-linux-gnu/libdrm.so.2.4.0
7fe07126f000-7fe071274000 r-xp 00000000 fd:01 4988687                    /usr/lib/x86_64-linux-gnu/libXxf86vm.so.1.0.0
7fe071274000-7fe071473000 ---p 00005000 fd:01 4988687                    /usr/lib/x86_64-linux-gnu/libXxf86vm.so.1.0.0
7fe071473000-7fe071474000 r--p 00004000 fd:01 4988687                    /usr/lib/x86_64-linux-gnu/libXxf86vm.so.1.0.0
7fe071474000-7fe071475000 rw-p 00005000 fd:01 4988687                    /usr/lib/x86_64-linux-gnu/libXxf86vm.so.1.0.0
7fe071475000-7fe071479000 r-xp 00000000 fd:01 4989806                    /usr/lib/x86_64-linux-gnu/libxcb-dri2.so.0.0.0
7fe071479000-7fe071678000 ---p 00004000 fd:01 4989806                    /usr/lib/x86_64-linux-gnu/libxcb-dri2.so.0.0.0
7fe071678000-7fe071679000 r--p 00003000 fd:01 4989806                    /usr/lib/x86_64-linux-gnu/libxcb-dri2.so.0.0.0
7fe071679000-7fe07167a000 rw-p 00004000 fd:01 4989806                    /usr/lib/x86_64-linux-gnu/libxcb-dri2.so.0.0.0
7fe07167a000-7fe071692000 r-xp 00000000 fd:01 4989810                    /usr/lib/x86_64-linux-gnu/libxcb-glx.so.0.0.0
7fe071692000-7fe071892000 ---p 00018000 fd:01 4989810                    /usr/lib/x86_64-linux-gnu/libxcb-glx.so.0.0.0
7fe071892000-7fe071894000 r--p 00018000 fd:01 4989810                    /usr/lib/x86_64-linux-gnu/libxcb-glx.so.0.0.0
7fe071894000-7fe071895000 rw-p 0001a000 fd:01 4989810                    /usr/lib/x86_64-linux-gnu/libxcb-glx.so.0.0.0
7fe071895000-7fe071896000 r-xp 00000000 fd:01 4988632                    /usr/lib/x86_64-linux-gnu/libX11-xcb.so.1.0.0
7fe071896000-7fe071a95000 ---p 00001000 fd:01 4988632                    /usr/lib/x86_64-linux-gnu/libX11-xcb.so.1.0.0
7fe071a95000-7fe071a96000 r--p 00000000 fd:01 4988632                    /usr/lib/x86_64-linux-gnu/libX11-xcb.so.1.0.0
7fe071a96000-7fe071a97000 rw-p 00001000 fd:01 4988632                    /usr/lib/x86_64-linux-gnu/libX11-xcb.so.1.0.0
7fe071a97000-7fe071a9c000 r-xp 00000000 fd:01 4988653                    /usr/lib/x86_64-linux-gnu/libXfixes.so.3.1.0
7fe071a9c000-7fe071c9b000 ---p 00005000 fd:01 4988653                    /usr/lib/x86_64-linux-gnu/libXfixes.so.3.1.0
7fe071c9b000-7fe071c9c000 r--p 00004000 fd:01 4988653                    /usr/lib/x86_64-linux-gnu/libXfixes.so.3.1.0
7fe071c9c000-7fe071c9d000 rw-p 00005000 fd:01 4988653                    /usr/lib/x86_64-linux-gnu/libXfixes.so.3.1.0
7fe071c9d000-7fe071c9f000 r-xp 00000000 fd:01 4988647                    /usr/lib/x86_64-linux-gnu/libXdamage.so.1.1.0
7fe071c9f000-7fe071e9e000 ---p 00002000 fd:01 4988647                    /usr/lib/x86_64-linux-gnu/libXdamage.so.1.1.0
7fe071e9e000-7fe071e9f000 r--p 00001000 fd:01 4988647                    /usr/lib/x86_64-linux-gnu/libXdamage.so.1.1.0
7fe071e9f000-7fe071ea0000 rw-p 00002000 fd:01 4988647                    /usr/lib/x86_64-linux-gnu/libXdamage.so.1.1.0
7fe071ea0000-7fe071eb1000 r-xp 00000000 fd:01 4988651                    /usr/lib/x86_64-linux-gnu/libXext.so.6.4.0
7fe071eb1000-7fe0720b0000 ---p 00011000 fd:01 4988651                    /usr/lib/x86_64-linux-gnu/libXext.so.6.4.0
7fe0720b0000-7fe0720b1000 r--p 00010000 fd:01 4988651                    /usr/lib/x86_64-linux-gnu/libXext.so.6.4.0
7fe0720b1000-7fe0720b2000 rw-p 00011000 fd:01 4988651                    /usr/lib/x86_64-linux-gnu/libXext.so.6.4.0
7fe0720b2000-7fe0720de000 r-xp 00000000 fd:01 4989072                    /usr/lib/x86_64-linux-gnu/libglapi.so.0.0.0
7fe0720de000-7fe0722dd000 ---p 0002c000 fd:01 4989072                    /usr/lib/x86_64-linux-gnu/libglapi.so.0.0.0
7fe0722dd000-7fe0722e1000 r--p 0002b000 fd:01 4989072                    /usr/lib/x86_64-linux-gnu/libglapi.so.0.0.0
7fe0722e1000-7fe0722e2000 rw-p 0002f000 fd:01 4989072                    /usr/lib/x86_64-linux-gnu/libglapi.so.0.0.0
7fe0722e2000-7fe0722e3000 rw-p 00000000 00:00 0 
7fe0722e3000-7fe0722e4000 r-xp 00000000 fd:01 4989858                    /usr/lib/x86_64-linux-gnu/libxshmfence.so.1.0.0
7fe0722e4000-7fe0724e3000 ---p 00001000 fd:01 4989858                    /usr/lib/x86_64-linux-gnu/libxshmfence.so.1.0.0
7fe0724e3000-7fe0724e4000 r--p 00000000 fd:01 4989858                    /usr/lib/x86_64-linux-gnu/libxshmfence.so.1.0.0
7fe0724e4000-7fe0724e5000 rw-p 00001000 fd:01 4989858                    /usr/lib/x86_64-linux-gnu/libxshmfence.so.1.0.0
7fe0724e5000-7fe0724ea000 r-xp 00000000 fd:01 4989832                    /usr/lib/x86_64-linux-gnu/libxcb-sync.so.1.0.0
7fe0724ea000-7fe0726ea000 ---p 00005000 fd:01 4989832                    /usr/lib/x86_64-linux-gnu/libxcb-sync.so.1.0.0
7fe0726ea000-7fe0726eb000 r--p 00005000 fd:01 4989832                    /usr/lib/x86_64-linux-gnu/libxcb-sync.so.1.0.0
7fe0726eb000-7fe0726ec000 rw-p 00006000 fd:01 4989832                    /usr/lib/x86_64-linux-gnu/libxcb-sync.so.1.0.0
7fe0726ec000-7fe0726ee000 r-xp 00000000 fd:01 4989818                    /usr/lib/x86_64-linux-gnu/libxcb-present.so.0.0.0
7fe0726ee000-7fe0728ed000 ---p 00002000 fd:01 4989818                    /usr/lib/x86_64-linux-gnu/libxcb-present.so.0.0.0
7fe0728ed000-7fe0728ee000 r--p 00001000 fd:01 4989818                    /usr/lib/x86_64-linux-gnu/libxcb-present.so.0.0.0
7fe0728ee000-7fe0728ef000 rw-p 00002000 fd:01 4989818                    /usr/lib/x86_64-linux-gnu/libxcb-present.so.0.0.0
7fe0728ef000-7fe0728f2000 r-xp 00000000 fd:01 4989808                    /usr/lib/x86_64-linux-gnu/libxcb-dri3.so.0.0.0
7fe0728f2000-7fe072af1000 ---p 00003000 fd:01 4989808                    /usr/lib/x86_64-linux-gnu/libxcb-dri3.so.0.0.0
7fe072af1000-7fe072af2000 r--p 00002000 fd:01 4989808                    /usr/lib/x86_64-linux-gnu/libxcb-dri3.so.0.0.0
7fe072af2000-7fe072af3000 rw-p 00003000 fd:01 4989808                    /usr/lib/x86_64-linux-gnu/libxcb-dri3.so.0.0.0
7fe072af3000-7fe072b22000 r-xp 00000000 fd:01 6689408                    /lib/x86_64-linux-gnu/libexpat.so.1.6.7
7fe072b22000-7fe072d22000 ---p 0002f000 fd:01 6689408                    /lib/x86_64-linux-gnu/libexpat.so.1.6.7
7fe072d22000-7fe072d24000 r--p 0002f000 fd:01 6689408                    /lib/x86_64-linux-gnu/libexpat.so.1.6.7
7fe072d24000-7fe072d25000 rw-p 00031000 fd:01 6689408                    /lib/x86_64-linux-gnu/libexpat.so.1.6.7
7fe072d25000-7fe072d95000 r-xp 00000000 fd:01 4988598                    /usr/lib/x86_64-linux-gnu/libGLX_mesa.so.0.0.0
7fe072d95000-7fe072f94000 ---p 00070000 fd:01 4988598                    /usr/lib/x86_64-linux-gnu/libGLX_mesa.so.0.0.0
7fe072f94000-7fe072f97000 r--p 0006f000 fd:01 4988598                    /usr/lib/x86_64-linux-gnu/libGLX_mesa.so.0.0.0
7fe072f97000-7fe072f98000 rw-p 00072000 fd:01 4988598                    /usr/lib/x86_64-linux-gnu/libGLX_mesa.so.0.0.0
7fe072f98000-7fe072f99000 rw-p 00000000 00:00 0 
7fe072f99000-7fe072fac000 r-xp 00000000 fd:01 6689374                    /lib/x86_64-linux-gnu/libbsd.so.0.8.7
7fe072fac000-7fe0731ab000 ---p 00013000 fd:01 6689374                    /lib/x86_64-linux-gnu/libbsd.so.0.8.7
7fe0731ab000-7fe0731ac000 r--p 00012000 fd:01 6689374                    /lib/x86_64-linux-gnu/libbsd.so.0.8.7
7fe0731ac000-7fe0731ad000 rw-p 00013000 fd:01 6689374                    /lib/x86_64-linux-gnu/libbsd.so.0.8.7
7fe0731ad000-7fe0731ae000 rw-p 00000000 00:00 0 
7fe0731ae000-7fe0731b3000 r-xp 00000000 fd:01 4988649                    /usr/lib/x86_64-linux-gnu/libXdmcp.so.6.0.0
7fe0731b3000-7fe0733b2000 ---p 00005000 fd:01 4988649                    /usr/lib/x86_64-linux-gnu/libXdmcp.so.6.0.0
7fe0733b2000-7fe0733b3000 r--p 00004000 fd:01 4988649                    /usr/lib/x86_64-linux-gnu/libXdmcp.so.6.0.0
7fe0733b3000-7fe0733b4000 rw-p 00005000 fd:01 4988649                    /usr/lib/x86_64-linux-gnu/libXdmcp.so.6.0.0
7fe0733b4000-7fe0733b6000 r-xp 00000000 fd:01 4988638                    /usr/lib/x86_64-linux-gnu/libXau.so.6.0.0
7fe0733b6000-7fe0735b6000 ---p 00002000 fd:01 4988638                    /usr/lib/x86_64-linux-gnu/libXau.so.6.0.0
7fe0735b6000-7fe0735b7000 r--p 00002000 fd:01 4988638                    /usr/lib/x86_64-linux-gnu/libXau.so.6.0.0
7fe0735b7000-7fe0735b8000 rw-p 00003000 fd:01 4988638                    /usr/lib/x86_64-linux-gnu/libXau.so.6.0.0
7fe0735b8000-7fe073626000 r-xp 00000000 fd:01 4988600                    /usr/lib/x86_64-linux-gnu/libGLdispatch.so.0.0.0
7fe073626000-7fe073825000 ---p 0006e000 fd:01 4988600                    /usr/lib/x86_64-linux-gnu/libGLdispatch.so.0.0.0
7fe073825000-7fe07384d000 r--p 0006d000 fd:01 4988600                    /usr/lib/x86_64-linux-gnu/libGLdispatch.so.0.0.0
7fe07384d000-7fe07384e000 rw-p 00095000 fd:01 4988600                    /usr/lib/x86_64-linux-gnu/libGLdispatch.so.0.0.0
7fe07384e000-7fe07386e000 rw-p 00000000 00:00 0 
7fe07386e000-7fe07387e000 r-xp 00000000 fd:01 4988595                    /usr/lib/x86_64-linux-gnu/libGLX.so.0.0.0
7fe07387e000-7fe073a7d000 ---p 00010000 fd:01 4988595                    /usr/lib/x86_64-linux-gnu/libGLX.so.0.0.0
7fe073a7d000-7fe073a7e000 r--p 0000f000 fd:01 4988595                    /usr/lib/x86_64-linux-gnu/libGLX.so.0.0.0
7fe073a7e000-7fe073a7f000 rw-p 00010000 fd:01 4988595                    /usr/lib/x86_64-linux-gnu/libGLX.so.0.0.0
7fe073a7f000-7fe073a9f000 rw-p 00000000 00:00 0 
7fe073a9f000-7fe073ac5000 r-xp 00000000 fd:01 4989842                    /usr/lib/x86_64-linux-gnu/libxcb.so.1.1.0
7fe073ac5000-7fe073cc5000 ---p 00026000 fd:01 4989842                    /usr/lib/x86_64-linux-gnu/libxcb.so.1.1.0
7fe073cc5000-7fe073cc6000 r--p 00026000 fd:01 4989842                    /usr/lib/x86_64-linux-gnu/libxcb.so.1.1.0
7fe073cc6000-7fe073cc7000 rw-p 00027000 fd:01 4989842                    /usr/lib/x86_64-linux-gnu/libxcb.so.1.1.0
7fe073cc7000-7fe073dfb000 r-xp 00000000 fd:01 4988634                    /usr/lib/x86_64-linux-gnu/libX11.so.6.3.0
7fe073dfb000-7fe073ffb000 ---p 00134000 fd:01 4988634                    /usr/lib/x86_64-linux-gnu/libX11.so.6.3.0
7fe073ffb000-7fe073ffc000 r--p 00134000 fd:01 4988634                    /usr/lib/x86_64-linux-gnu/libX11.so.6.3.0
7fe073ffc000-7fe074000000 rw-p 00135000 fd:01 4988634                    /usr/lib/x86_64-linux-gnu/libX11.so.6.3.0
7fe074000000-7fe074021000 rw-p 00000000 00:00 0 
7fe074021000-7fe078000000 ---p 00000000 00:00 0 
7fe078000000-7fe078021000 rw-p 00000000 00:00 0 
7fe078021000-7fe07c000000 ---p 00000000 00:00 0 
7fe07c000000-7fe07c0d8000 rw-p 00000000 00:00 0 
7fe07c0d8000-7fe080000000 ---p 00000000 00:00 0 
7fe080000000-7fe080218000 rw-p 00000000 00:00 0 
7fe080218000-7fe084000000 ---p 00000000 00:00 0 
7fe084000000-7fe084021000 rw-p 00000000 00:00 0 
7fe084021000-7fe088000000 ---p 00000000 00:00 0 
7fe088000000-7fe0881df000 rw-p 00000000 00:00 0 
7fe0881df000-7fe08c000000 ---p 00000000 00:00 0 
7fe08c000000-7fe08c021000 rw-p 00000000 00:00 0 
7fe08c021000-7fe090000000 ---p 00000000 00:00 0 
7fe090000000-7fe090021000 rw-p 00000000 00:00 0 
7fe090021000-7fe094000000 ---p 00000000 00:00 0 
7fe094000000-7fe094021000 rw-p 00000000 00:00 0 
7fe094021000-7fe098000000 ---p 00000000 00:00 0 
7fe098000000-7fe098001000 r--s 00000000 fd:01 12583040                   /var/cache/fontconfig/f6e6e0a5c3d2f6ae0c0c2e0ecd42a997-le64.cache-7
7fe098001000-7fe098022000 r--s 00000000 fd:01 12588457                   /var/cache/fontconfig/467c019e582ee353435ea5c21d137ef6-le64.cache-7
7fe098022000-7fe098093000 r-xp 00000000 fd:01 4988589                    /usr/lib/x86_64-linux-gnu/libGL.so.1.0.0
7fe098093000-7fe098292000 ---p 00071000 fd:01 4988589                    /usr/lib/x86_64-linux-gnu/libGL.so.1.0.0
7fe098292000-7fe0982ac000 r--p 00070000 fd:01 4988589                    /usr/lib/x86_64-linux-gnu/libGL.so.1.0.0
7fe0982ac000-7fe0982ad000 rw-p 0008a000 fd:01 4988589                    /usr/lib/x86_64-linux-gnu/libGL.so.1.0.0
7fe0982ad000-7fe0982ae000 rw-p 00000000 00:00 0 
7fe0982ae000-7fe0982af000 r--s 00000000 fd:01 12582994                   /var/cache/fontconfig/4b2eda6bb976bda485cb2176619421d5-le64.cache-7
7fe0982af000-7fe0982b0000 r--s 00000000 fd:01 12595349                   /var/cache/fontconfig/3334a778d104e76d188e9df399bc24d2-le64.cache-7
7fe0982b0000-7fe0982b3000 r--s 00000000 fd:01 12595238                   /var/cache/fontconfig/c19b55eb3b4c5b40ea175e31682068a5-le64.cache-7
7fe0982b3000-7fe0982b9000 r--s 00000000 fd:01 12595190                   /var/cache/fontconfig/3629f2adf904f9a612908891fae71ceb-le64.cache-7
7fe0982b9000-7fe0982be000 r--s 00000000 fd:01 12594982                   /var/cache/fontconfig/7ef2298fde41cc6eeb7af42e48b7d293-le64.cache-7
7fe0982be000-7fe0982cb000 r--s 00000000 fd:01 12594774                   /var/cache/fontconfig/8f02d4cb045bd6ce15663e43f347c9f8-le64.cache-7
7fe0982cb000-7fe0982d7000 r-xp 00000000 fd:01 5639134                    /usr/lib/jvm/java-8-openjdk-amd64/jre/lib/amd64/libprism_es2.so
7fe0982d7000-7fe0984d6000 ---p 0000c000 fd:01 5639134                    /usr/lib/jvm/java-8-openjdk-amd64/jre/lib/amd64/libprism_es2.so
7fe0984d6000-7fe0984d7000 r--p 0000b000 fd:01 5639134                    /usr/lib/jvm/java-8-openjdk-amd64/jre/lib/amd64/libprism_es2.so
7fe0984d7000-7fe0984d8000 rw-p 0000c000 fd:01 5639134                    /usr/lib/jvm/java-8-openjdk-amd64/jre/lib/amd64/libprism_es2.so
7fe0984d8000-7fe0984db000 ---p 00000000 00:00 0 
7fe0984db000-7fe0985d9000 rw-p 00000000 00:00 0 
7fe0985d9000-7fe098670000 r--s 007cb000 fd:01 5769806                    /usr/share/java/openjfx/jre/lib/ext/jfxrt.jar
7fe098670000-7fe098671000 ---p 00000000 00:00 0 
7fe098671000-7fe098771000 rw-p 00000000 00:00 0 
7fe098771000-7fe098774000 ---p 00000000 00:00 0 
7fe098774000-7fe098872000 rw-p 00000000 00:00 0 
7fe098872000-7fe098873000 ---p 00000000 00:00 0 
7fe098873000-7fe098876000 ---p 00000000 00:00 0 
7fe098876000-7fe098973000 rw-p 00000000 00:00 0 
7fe098973000-7fe098974000 ---p 00000000 00:00 0 
7fe098974000-7fe098977000 ---p 00000000 00:00 0 
7fe098977000-7fe098a74000 rw-p 00000000 00:00 0 
7fe098a74000-7fe098a75000 ---p 00000000 00:00 0 
7fe098a75000-7fe098a78000 ---p 00000000 00:00 0 
7fe098a78000-7fe098b75000 rw-p 00000000 00:00 0 
7fe098b75000-7fe098b78000 ---p 00000000 00:00 0 
7fe098b78000-7fe098c76000 rw-p 00000000 00:00 0 
7fe098c76000-7fe099645000 r--p 00000000 fd:01 4987555                    /usr/lib/locale/locale-archive
7fe099645000-7fe099648000 ---p 00000000 00:00 0 
7fe099648000-7fe099746000 rw-p 00000000 00:00 0 
7fe099746000-7fe099749000 ---p 00000000 00:00 0 
7fe099749000-7fe099847000 rw-p 00000000 00:00 0 
7fe099847000-7fe099848000 ---p 00000000 00:00 0 
7fe099848000-7fe09c000000 rw-p 00000000 00:00 0 
7fe09c000000-7fe09c021000 rw-p 00000000 00:00 0 
7fe09c021000-7fe0a0000000 ---p 00000000 00:00 0 
7fe0a0000000-7fe0a0021000 rw-p 00000000 00:00 0 
7fe0a0021000-7fe0a4000000 ---p 00000000 00:00 0 
7fe0a4000000-7fe0a4021000 rw-p 00000000 00:00 0 
7fe0a4021000-7fe0a8000000 ---p 00000000 00:00 0 
7fe0a8000000-7fe0a8021000 rw-p 00000000 00:00 0 
7fe0a8021000-7fe0ac000000 ---p 00000000 00:00 0 
7fe0ac000000-7fe0ac002000 r--s 00000000 fd:01 12595271                   /var/cache/fontconfig/43bfe21a9e1edebcf703d79ee2950b06-le64.cache-7
7fe0ac002000-7fe0ac011000 r--p 00000000 fd:01 6169845                    /usr/share/locale-langpack/fr/LC_MESSAGES/gtk20.mo
7fe0ac011000-7fe0ac02c000 r--s 001d6000 fd:01 5639052                    /usr/lib/jvm/java-8-openjdk-amd64/jre/lib/ext/nashorn.jar
7fe0ac02c000-7fe0ac632000 rw-p 00000000 00:00 0 
7fe0ac632000-7fe0ac800000 r--s 03c2c000 fd:01 5639076                    /usr/lib/jvm/java-8-openjdk-amd64/jre/lib/rt.jar
7fe0ac800000-7fe0ad000000 rw-p 00000000 00:00 0 
7fe0ad000000-7fe0ad3c0000 rwxp 00000000 00:00 0 
7fe0ad3c0000-7fe0bc000000 ---p 00000000 00:00 0 
7fe0bc000000-7fe0bc3f0000 rw-p 00000000 00:00 0 
7fe0bc3f0000-7fe0c0000000 ---p 00000000 00:00 0 
7fe0c0000000-7fe0c0003000 r--s 00000000 fd:01 12595174                   /var/cache/fontconfig/de83a0a961185c8bd1f159015d56c039-le64.cache-7
7fe0c0003000-7fe0c0007000 r--s 00000000 fd:01 12594907                   /var/cache/fontconfig/198dcdad82c1ebc3868edff741eb1653-le64.cache-7
7fe0c0007000-7fe0c000a000 r--s 00000000 fd:01 12594849                   /var/cache/fontconfig/16326683038b281783a0ef8c680e3a10-le64.cache-7
7fe0c000a000-7fe0c0011000 r--s 00000000 fd:01 5245713                    /usr/lib/x86_64-linux-gnu/gconv/gconv-modules.cache
7fe0c0011000-7fe0c001b000 r--s 00116000 fd:01 5639051                    /usr/lib/jvm/java-8-openjdk-amd64/jre/lib/ext/localedata.jar
7fe0c001b000-7fe0c037d000 rw-p 00000000 00:00 0 
7fe0c037d000-7fe0c037e000 ---p 00000000 00:00 0 
7fe0c037e000-7fe0c047e000 rw-p 00000000 00:00 0 
7fe0c047e000-7fe0c047f000 ---p 00000000 00:00 0 
7fe0c047f000-7fe0c057f000 rw-p 00000000 00:00 0 
7fe0c057f000-7fe0c0580000 ---p 00000000 00:00 0 
7fe0c0580000-7fe0c0680000 rw-p 00000000 00:00 0 
7fe0c0680000-7fe0c0681000 ---p 00000000 00:00 0 
7fe0c0681000-7fe0c0796000 rw-p 00000000 00:00 0 
7fe0c0796000-7fe0c08c9000 ---p 00000000 00:00 0 
7fe0c08c9000-7fe0c08de000 rw-p 00000000 00:00 0 
7fe0c08de000-7fe0c0a10000 ---p 00000000 00:00 0 
7fe0c0a10000-7fe0c0a34000 rw-p 00000000 00:00 0 
7fe0c0a34000-7fe0c0ab4000 ---p 00000000 00:00 0 
7fe0c0ab4000-7fe0c0ac4000 rw-p 00000000 00:00 0 
7fe0c0ac4000-7fe0c0e75000 ---p 00000000 00:00 0 
7fe0c0e75000-7fe0c0e7d000 r-xp 00000000 fd:01 5639033                    /usr/lib/jvm/java-8-openjdk-amd64/jre/lib/amd64/libzip.so
7fe0c0e7d000-7fe0c107c000 ---p 00008000 fd:01 5639033                    /usr/lib/jvm/java-8-openjdk-amd64/jre/lib/amd64/libzip.so
7fe0c107c000-7fe0c107d000 r--p 00007000 fd:01 5639033                    /usr/lib/jvm/java-8-openjdk-amd64/jre/lib/amd64/libzip.so
7fe0c107d000-7fe0c107e000 rw-p 00008000 fd:01 5639033                    /usr/lib/jvm/java-8-openjdk-amd64/jre/lib/amd64/libzip.so
7fe0c107e000-7fe0c1089000 r-xp 00000000 fd:01 6689468                    /lib/x86_64-linux-gnu/libnss_files-2.27.so
7fe0c1089000-7fe0c1288000 ---p 0000b000 fd:01 6689468                    /lib/x86_64-linux-gnu/libnss_files-2.27.so
7fe0c1288000-7fe0c1289000 r--p 0000a000 fd:01 6689468                    /lib/x86_64-linux-gnu/libnss_files-2.27.so
7fe0c1289000-7fe0c128a000 rw-p 0000b000 fd:01 6689468                    /lib/x86_64-linux-gnu/libnss_files-2.27.so
7fe0c128a000-7fe0c1290000 rw-p 00000000 00:00 0 
7fe0c1290000-7fe0c12a7000 r-xp 00000000 fd:01 6689462                    /lib/x86_64-linux-gnu/libnsl-2.27.so
7fe0c12a7000-7fe0c14a6000 ---p 00017000 fd:01 6689462                    /lib/x86_64-linux-gnu/libnsl-2.27.so
7fe0c14a6000-7fe0c14a7000 r--p 00016000 fd:01 6689462                    /lib/x86_64-linux-gnu/libnsl-2.27.so
7fe0c14a7000-7fe0c14a8000 rw-p 00017000 fd:01 6689462                    /lib/x86_64-linux-gnu/libnsl-2.27.so
7fe0c14a8000-7fe0c14aa000 rw-p 00000000 00:00 0 
7fe0c14aa000-7fe0c14b5000 r-xp 00000000 fd:01 6689479                    /lib/x86_64-linux-gnu/libnss_nis-2.27.so
7fe0c14b5000-7fe0c16b4000 ---p 0000b000 fd:01 6689479                    /lib/x86_64-linux-gnu/libnss_nis-2.27.so
7fe0c16b4000-7fe0c16b5000 r--p 0000a000 fd:01 6689479                    /lib/x86_64-linux-gnu/libnss_nis-2.27.so
7fe0c16b5000-7fe0c16b6000 rw-p 0000b000 fd:01 6689479                    /lib/x86_64-linux-gnu/libnss_nis-2.27.so
7fe0c16b6000-7fe0c16be000 r-xp 00000000 fd:01 6689464                    /lib/x86_64-linux-gnu/libnss_compat-2.27.so
7fe0c16be000-7fe0c18be000 ---p 00008000 fd:01 6689464                    /lib/x86_64-linux-gnu/libnss_compat-2.27.so
7fe0c18be000-7fe0c18bf000 r--p 00008000 fd:01 6689464                    /lib/x86_64-linux-gnu/libnss_compat-2.27.so
7fe0c18bf000-7fe0c18c0000 rw-p 00009000 fd:01 6689464                    /lib/x86_64-linux-gnu/libnss_compat-2.27.so
7fe0c18c0000-7fe0c18ee000 r-xp 00000000 fd:01 5639014                    /usr/lib/jvm/java-8-openjdk-amd64/jre/lib/amd64/libjava.so
7fe0c18ee000-7fe0c1aed000 ---p 0002e000 fd:01 5639014                    /usr/lib/jvm/java-8-openjdk-amd64/jre/lib/amd64/libjava.so
7fe0c1aed000-7fe0c1aee000 r--p 0002d000 fd:01 5639014                    /usr/lib/jvm/java-8-openjdk-amd64/jre/lib/amd64/libjava.so
7fe0c1aee000-7fe0c1af0000 rw-p 0002e000 fd:01 5639014                    /usr/lib/jvm/java-8-openjdk-amd64/jre/lib/amd64/libjava.so
7fe0c1af0000-7fe0c1b00000 r-xp 00000000 fd:01 5639032                    /usr/lib/jvm/java-8-openjdk-amd64/jre/lib/amd64/libverify.so
7fe0c1b00000-7fe0c1cff000 ---p 00010000 fd:01 5639032                    /usr/lib/jvm/java-8-openjdk-amd64/jre/lib/amd64/libverify.so
7fe0c1cff000-7fe0c1d01000 r--p 0000f000 fd:01 5639032                    /usr/lib/jvm/java-8-openjdk-amd64/jre/lib/amd64/libverify.so
7fe0c1d01000-7fe0c1d02000 rw-p 00011000 fd:01 5639032                    /usr/lib/jvm/java-8-openjdk-amd64/jre/lib/amd64/libverify.so
7fe0c1d02000-7fe0c1d09000 r-xp 00000000 fd:01 6689519                    /lib/x86_64-linux-gnu/librt-2.27.so
7fe0c1d09000-7fe0c1f08000 ---p 00007000 fd:01 6689519                    /lib/x86_64-linux-gnu/librt-2.27.so
7fe0c1f08000-7fe0c1f09000 r--p 00006000 fd:01 6689519                    /lib/x86_64-linux-gnu/librt-2.27.so
7fe0c1f09000-7fe0c1f0a000 rw-p 00007000 fd:01 6689519                    /lib/x86_64-linux-gnu/librt-2.27.so
7fe0c1f0a000-7fe0c1f21000 r-xp 00000000 fd:01 6689415                    /lib/x86_64-linux-gnu/libgcc_s.so.1
7fe0c1f21000-7fe0c2120000 ---p 00017000 fd:01 6689415                    /lib/x86_64-linux-gnu/libgcc_s.so.1
7fe0c2120000-7fe0c2121000 r--p 00016000 fd:01 6689415                    /lib/x86_64-linux-gnu/libgcc_s.so.1
7fe0c2121000-7fe0c2122000 rw-p 00017000 fd:01 6689415                    /lib/x86_64-linux-gnu/libgcc_s.so.1
7fe0c2122000-7fe0c22bf000 r-xp 00000000 fd:01 6689441                    /lib/x86_64-linux-gnu/libm-2.27.so
7fe0c22bf000-7fe0c24be000 ---p 0019d000 fd:01 6689441                    /lib/x86_64-linux-gnu/libm-2.27.so
7fe0c24be000-7fe0c24bf000 r--p 0019c000 fd:01 6689441                    /lib/x86_64-linux-gnu/libm-2.27.so
7fe0c24bf000-7fe0c24c0000 rw-p 0019d000 fd:01 6689441                    /lib/x86_64-linux-gnu/libm-2.27.so
7fe0c24c0000-7fe0c263e000 r-xp 00000000 fd:01 4989659                    /usr/lib/x86_64-linux-gnu/libstdc++.so.6.0.25
7fe0c263e000-7fe0c283e000 ---p 0017e000 fd:01 4989659                    /usr/lib/x86_64-linux-gnu/libstdc++.so.6.0.25
7fe0c283e000-7fe0c2848000 r--p 0017e000 fd:01 4989659                    /usr/lib/x86_64-linux-gnu/libstdc++.so.6.0.25
7fe0c2848000-7fe0c284a000 rw-p 00188000 fd:01 4989659                    /usr/lib/x86_64-linux-gnu/libstdc++.so.6.0.25
7fe0c284a000-7fe0c284e000 rw-p 00000000 00:00 0 
7fe0c284e000-7fe0c34de000 r-xp 00000000 fd:01 5639036                    /usr/lib/jvm/java-8-openjdk-amd64/jre/lib/amd64/server/libjvm.so
7fe0c34de000-7fe0c36de000 ---p 00c90000 fd:01 5639036                    /usr/lib/jvm/java-8-openjdk-amd64/jre/lib/amd64/server/libjvm.so
7fe0c36de000-7fe0c3771000 r--p 00c90000 fd:01 5639036                    /usr/lib/jvm/java-8-openjdk-amd64/jre/lib/amd64/server/libjvm.so
7fe0c3771000-7fe0c3799000 rw-p 00d23000 fd:01 5639036                    /usr/lib/jvm/java-8-openjdk-amd64/jre/lib/amd64/server/libjvm.so
7fe0c3799000-7fe0c37ca000 rw-p 00000000 00:00 0 
7fe0c37ca000-7fe0c37e4000 r-xp 00000000 fd:01 6689511                    /lib/x86_64-linux-gnu/libpthread-2.27.so
7fe0c37e4000-7fe0c39e3000 ---p 0001a000 fd:01 6689511                    /lib/x86_64-linux-gnu/libpthread-2.27.so
7fe0c39e3000-7fe0c39e4000 r--p 00019000 fd:01 6689511                    /lib/x86_64-linux-gnu/libpthread-2.27.so
7fe0c39e4000-7fe0c39e5000 rw-p 0001a000 fd:01 6689511                    /lib/x86_64-linux-gnu/libpthread-2.27.so
7fe0c39e5000-7fe0c39e9000 rw-p 00000000 00:00 0 
7fe0c39e9000-7fe0c39ec000 r-xp 00000000 fd:01 6689401                    /lib/x86_64-linux-gnu/libdl-2.27.so
7fe0c39ec000-7fe0c3beb000 ---p 00003000 fd:01 6689401                    /lib/x86_64-linux-gnu/libdl-2.27.so
7fe0c3beb000-7fe0c3bec000 r--p 00002000 fd:01 6689401                    /lib/x86_64-linux-gnu/libdl-2.27.so
7fe0c3bec000-7fe0c3bed000 rw-p 00003000 fd:01 6689401                    /lib/x86_64-linux-gnu/libdl-2.27.so
7fe0c3bed000-7fe0c3c09000 r-xp 00000000 fd:01 6689550                    /lib/x86_64-linux-gnu/libz.so.1.2.11
7fe0c3c09000-7fe0c3e08000 ---p 0001c000 fd:01 6689550                    /lib/x86_64-linux-gnu/libz.so.1.2.11
7fe0c3e08000-7fe0c3e09000 r--p 0001b000 fd:01 6689550                    /lib/x86_64-linux-gnu/libz.so.1.2.11
7fe0c3e09000-7fe0c3e0a000 rw-p 0001c000 fd:01 6689550                    /lib/x86_64-linux-gnu/libz.so.1.2.11
7fe0c3e0a000-7fe0c3ff1000 r-xp 00000000 fd:01 6689378                    /lib/x86_64-linux-gnu/libc-2.27.so
7fe0c3ff1000-7fe0c41f1000 ---p 001e7000 fd:01 6689378                    /lib/x86_64-linux-gnu/libc-2.27.so
7fe0c41f1000-7fe0c41f5000 r--p 001e7000 fd:01 6689378                    /lib/x86_64-linux-gnu/libc-2.27.so
7fe0c41f5000-7fe0c41f7000 rw-p 001eb000 fd:01 6689378                    /lib/x86_64-linux-gnu/libc-2.27.so
7fe0c41f7000-7fe0c41fb000 rw-p 00000000 00:00 0 
7fe0c41fb000-7fe0c4209000 r-xp 00000000 fd:01 5639000                    /usr/lib/jvm/java-8-openjdk-amd64/jre/lib/amd64/jli/libjli.so
7fe0c4209000-7fe0c4408000 ---p 0000e000 fd:01 5639000                    /usr/lib/jvm/java-8-openjdk-amd64/jre/lib/amd64/jli/libjli.so
7fe0c4408000-7fe0c4409000 r--p 0000d000 fd:01 5639000                    /usr/lib/jvm/java-8-openjdk-amd64/jre/lib/amd64/jli/libjli.so
7fe0c4409000-7fe0c440a000 rw-p 0000e000 fd:01 5639000                    /usr/lib/jvm/java-8-openjdk-amd64/jre/lib/amd64/jli/libjli.so
7fe0c440a000-7fe0c4431000 r-xp 00000000 fd:01 6689350                    /lib/x86_64-linux-gnu/ld-2.27.so
7fe0c4431000-7fe0c4432000 r--s 00000000 fd:01 12595195                   /var/cache/fontconfig/c277e94e32b20404286a1ddafa5a80f0-le64.cache-7
7fe0c4432000-7fe0c4433000 r--s 00000000 fd:01 12589557                   /var/cache/fontconfig/e0aa53bcfa504e64f87823c16bc01eb6-le64.cache-7
7fe0c4433000-7fe0c4434000 rwxp 00000000 00:00 0 
7fe0c4434000-7fe0c4435000 rw-s 11b608000 00:06 335                       /dev/dri/card0
7fe0c4435000-7fe0c4437000 r--s 00005000 fd:01 2230288                    /home/simon/Documents/Cours/M1/S8/InterfaceGraphique/ProjetIG/dist/run2019481139/ProjetIG.jar
7fe0c4437000-7fe0c4452000 r--s 00394000 fd:01 5639047                    /usr/lib/jvm/java-8-openjdk-amd64/jre/lib/ext/cldrdata.jar
7fe0c4452000-7fe0c450f000 rw-p 00000000 00:00 0 
7fe0c450f000-7fe0c4510000 ---p 00000000 00:00 0 
7fe0c4510000-7fe0c4513000 ---p 00000000 00:00 0 
7fe0c4513000-7fe0c4612000 rw-p 00000000 00:00 0 
7fe0c4612000-7fe0c4617000 r--s 0003b000 fd:01 5639054                    /usr/lib/jvm/java-8-openjdk-amd64/jre/lib/ext/sunjce_provider.jar
7fe0c4617000-7fe0c4618000 r--s 0000a000 fd:01 5639050                    /usr/lib/jvm/java-8-openjdk-amd64/jre/lib/ext/jaccess.jar
7fe0c4618000-7fe0c461a000 r--s 00001000 fd:01 5639048                    /usr/lib/jvm/java-8-openjdk-amd64/jre/lib/ext/dnsns.jar
7fe0c461a000-7fe0c461d000 r--s 0000f000 fd:01 5639049                    /usr/lib/jvm/java-8-openjdk-amd64/jre/lib/ext/icedtea-sound.jar
7fe0c461d000-7fe0c461e000 r--s 00010000 fd:01 5639056                    /usr/lib/jvm/java-8-openjdk-amd64/jre/lib/ext/zipfs.jar
7fe0c461e000-7fe0c4620000 r--s 00008000 fd:01 5639053                    /usr/lib/jvm/java-8-openjdk-amd64/jre/lib/ext/sunec.jar
7fe0c4620000-7fe0c4623000 r--s 00038000 fd:01 5639055                    /usr/lib/jvm/java-8-openjdk-amd64/jre/lib/ext/sunpkcs11.jar
7fe0c4623000-7fe0c4625000 r--s 00007000 fd:01 5378598                    /usr/share/java/java-atk-wrapper.jar
7fe0c4625000-7fe0c462d000 rw-s 00000000 fd:01 917546                     /tmp/hsperfdata_simon/17796
7fe0c462d000-7fe0c462e000 rw-p 00000000 00:00 0 
7fe0c462e000-7fe0c462f000 ---p 00000000 00:00 0 
7fe0c462f000-7fe0c4631000 rw-p 00000000 00:00 0 
7fe0c4631000-7fe0c4632000 r--p 00027000 fd:01 6689350                    /lib/x86_64-linux-gnu/ld-2.27.so
7fe0c4632000-7fe0c4633000 rw-p 00028000 fd:01 6689350                    /lib/x86_64-linux-gnu/ld-2.27.so
7fe0c4633000-7fe0c4634000 rw-p 00000000 00:00 0 
7ffc77f82000-7ffc77fa3000 rw-p 00000000 00:00 0                          [stack]
7ffc77ffb000-7ffc77ffe000 r--p 00000000 00:00 0                          [vvar]
7ffc77ffe000-7ffc78000000 r-xp 00000000 00:00 0                          [vdso]
ffffffffff600000-ffffffffff601000 r-xp 00000000 00:00 0                  [vsyscall]

VM Arguments:
jvm_args: -Dfile.encoding=UTF-8 
java_command: /home/simon/Documents/Cours/M1/S8/InterfaceGraphique/ProjetIG/dist/run2019481139/ProjetIG.jar
java_class_path (initial): /home/simon/Documents/Cours/M1/S8/InterfaceGraphique/ProjetIG/dist/run2019481139/ProjetIG.jar
Launcher Type: SUN_STANDARD

Environment Variables:
PATH=/usr/local/sbin:/usr/local/bin:/usr/sbin:/usr/bin:/sbin:/bin:/usr/games:/usr/local/games:/snap/bin
USERNAME=simon
LD_LIBRARY_PATH=/usr/lib/jvm/java-8-openjdk-amd64/jre/lib/amd64:/usr/lib/jvm/java-8-openjdk-amd64/jre/lib/i386:
SHELL=/bin/bash
DISPLAY=:0

Signal Handlers:
SIGSEGV: [libjvm.so+0xaaae70], sa_mask[0]=11111111011111111101111111111110, sa_flags=SA_RESTART|SA_SIGINFO
SIGBUS: [libjvm.so+0xaaae70], sa_mask[0]=11111111011111111101111111111110, sa_flags=SA_RESTART|SA_SIGINFO
SIGFPE: [libjvm.so+0x8e1240], sa_mask[0]=11111111011111111101111111111110, sa_flags=SA_RESTART|SA_SIGINFO
SIGPIPE: SIG_IGN, sa_mask[0]=00000000000010000000000000000000, sa_flags=SA_RESTART
SIGXFSZ: [libjvm.so+0x8e1240], sa_mask[0]=11111111011111111101111111111110, sa_flags=SA_RESTART|SA_SIGINFO
SIGILL: [libjvm.so+0x8e1240], sa_mask[0]=11111111011111111101111111111110, sa_flags=SA_RESTART|SA_SIGINFO
SIGUSR1: SIG_DFL, sa_mask[0]=00000000000000000000000000000000, sa_flags=none
SIGUSR2: [libjvm.so+0x8e10f0], sa_mask[0]=00100000000000000000000000000000, sa_flags=SA_RESTART|SA_SIGINFO
SIGHUP: [libjvm.so+0x8e15a0], sa_mask[0]=11111111011111111101111111111110, sa_flags=SA_RESTART|SA_SIGINFO
SIGINT: SIG_IGN, sa_mask[0]=00000000000000000000000000000000, sa_flags=none
SIGTERM: [libjvm.so+0x8e15a0], sa_mask[0]=11111111011111111101111111111110, sa_flags=SA_RESTART|SA_SIGINFO
SIGQUIT: [libjvm.so+0x8e15a0], sa_mask[0]=11111111011111111101111111111110, sa_flags=SA_RESTART|SA_SIGINFO


---------------  S Y S T E M  ---------------

OS:DISTRIB_ID=Ubuntu
DISTRIB_RELEASE=18.04
DISTRIB_CODENAME=bionic
DISTRIB_DESCRIPTION="Ubuntu 18.04 LTS"

uname:Linux 4.15.0-20-generic #21-Ubuntu SMP Tue Apr 24 06:16:15 UTC 2018 x86_64
libc:glibc 2.27 NPTL 2.27 
rlimit: STACK 8192k, CORE 0k, NPROC 15459, NOFILE 1048576, AS infinity
load average:0,81 0,83 0,73

/proc/meminfo:
MemTotal:        4019492 kB
MemFree:          105648 kB
MemAvailable:      23800 kB
Buffers:            2508 kB
Cached:            99096 kB
SwapCached:         1784 kB
Active:          2990352 kB
Inactive:         615488 kB
Active(anon):    2974916 kB
Inactive(anon):   593996 kB
Active(file):      15436 kB
Inactive(file):    21492 kB
Unevictable:          32 kB
Mlocked:              32 kB
SwapTotal:       1003516 kB
SwapFree:              4 kB
Dirty:               344 kB
Writeback:             0 kB
AnonPages:       3502656 kB
Mapped:            91564 kB
Shmem:             64524 kB
Slab:              99128 kB
SReclaimable:      38404 kB
SUnreclaim:        60724 kB
KernelStack:       14544 kB
PageTables:        63812 kB
NFS_Unstable:          0 kB
Bounce:                0 kB
WritebackTmp:          0 kB
CommitLimit:     3013260 kB
Committed_AS:   10510436 kB
VmallocTotal:   34359738367 kB
VmallocUsed:           0 kB
VmallocChunk:          0 kB
HardwareCorrupted:     0 kB
AnonHugePages:         0 kB
ShmemHugePages:        0 kB
ShmemPmdMapped:        0 kB
CmaTotal:              0 kB
CmaFree:               0 kB
HugePages_Total:       0
HugePages_Free:        0
HugePages_Rsvd:        0
HugePages_Surp:        0
Hugepagesize:       2048 kB
DirectMap4k:      285052 kB
DirectMap2M:     3891200 kB


CPU:total 4 (initial active 4) (2 cores per cpu, 2 threads per core) family 6 model 42 stepping 7, cmov, cx8, fxsr, mmx, sse, sse2, sse3, ssse3, sse4.1, sse4.2, popcnt, avx, clmul, ht, tsc, tscinvbit

/proc/cpuinfo:
processor	: 0
vendor_id	: GenuineIntel
cpu family	: 6
model		: 42
model name	: Intel(R) Core(TM) i5-2410M CPU @ 2.30GHz
stepping	: 7
microcode	: 0x14
cpu MHz		: 2693.740
cache size	: 3072 KB
physical id	: 0
siblings	: 4
core id		: 0
cpu cores	: 2
apicid		: 0
initial apicid	: 0
fpu		: yes
fpu_exception	: yes
cpuid level	: 13
wp		: yes
flags		: fpu vme de pse tsc msr pae mce cx8 apic sep mtrr pge mca cmov pat pse36 clflush dts acpi mmx fxsr sse sse2 ss ht tm pbe syscall nx rdtscp lm constant_tsc arch_perfmon pebs bts rep_good nopl xtopology nonstop_tsc cpuid aperfmperf pni pclmulqdq dtes64 monitor ds_cpl vmx est tm2 ssse3 cx16 xtpr pdcm pcid sse4_1 sse4_2 x2apic popcnt tsc_deadline_timer xsave avx lahf_lm epb pti tpr_shadow vnmi flexpriority ept vpid xsaveopt dtherm ida arat pln pts
bugs		: cpu_meltdown spectre_v1 spectre_v2
bogomips	: 4589.33
clflush size	: 64
cache_alignment	: 64
address sizes	: 36 bits physical, 48 bits virtual
power management:

processor	: 1
vendor_id	: GenuineIntel
cpu family	: 6
model		: 42
model name	: Intel(R) Core(TM) i5-2410M CPU @ 2.30GHz
stepping	: 7
microcode	: 0x14
cpu MHz		: 2693.736
cache size	: 3072 KB
physical id	: 0
siblings	: 4
core id		: 1
cpu cores	: 2
apicid		: 2
initial apicid	: 2
fpu		: yes
fpu_exception	: yes
cpuid level	: 13
wp		: yes
flags		: fpu vme de pse tsc msr pae mce cx8 apic sep mtrr pge mca cmov pat pse36 clflush dts acpi mmx fxsr sse sse2 ss ht tm pbe syscall nx rdtscp lm constant_tsc arch_perfmon pebs bts rep_good nopl xtopology nonstop_tsc cpuid aperfmperf pni pclmulqdq dtes64 monitor ds_cpl vmx est tm2 ssse3 cx16 xtpr pdcm pcid sse4_1 sse4_2 x2apic popcnt tsc_deadline_timer xsave avx lahf_lm epb pti tpr_shadow vnmi flexpriority ept vpid xsaveopt dtherm ida arat pln pts
bugs		: cpu_meltdown spectre_v1 spectre_v2
bogomips	: 4589.33
clflush size	: 64
cache_alignment	: 64
address sizes	: 36 bits physical, 48 bits virtual
power management:

processor	: 2
vendor_id	: GenuineIntel
cpu family	: 6
model		: 42
model name	: Intel(R) Core(TM) i5-2410M CPU @ 2.30GHz
stepping	: 7
microcode	: 0x14
cpu MHz		: 2693.736
cache size	: 3072 KB
physical id	: 0
siblings	: 4
core id		: 0
cpu cores	: 2
apicid		: 1
initial apicid	: 1
fpu		: yes
fpu_exception	: yes
cpuid level	: 13
wp		: yes
flags		: fpu vme de pse tsc msr pae mce cx8 apic sep mtrr pge mca cmov pat pse36 clflush dts acpi mmx fxsr sse sse2 ss ht tm pbe syscall nx rdtscp lm constant_tsc arch_perfmon pebs bts rep_good nopl xtopology nonstop_tsc cpuid aperfmperf pni pclmulqdq dtes64 monitor ds_cpl vmx est tm2 ssse3 cx16 xtpr pdcm pcid sse4_1 sse4_2 x2apic popcnt tsc_deadline_timer xsave avx lahf_lm epb pti tpr_shadow vnmi flexpriority ept vpid xsaveopt dtherm ida arat pln pts
bugs		: cpu_meltdown spectre_v1 spectre_v2
bogomips	: 4589.33
clflush size	: 64
cache_alignment	: 64
address sizes	: 36 bits physical, 48 bits virtual
power management:

processor	: 3
vendor_id	: GenuineIntel
cpu family	: 6
model		: 42
model name	: Intel(R) Core(TM) i5-2410M CPU @ 2.30GHz
stepping	: 7
microcode	: 0x14
cpu MHz		: 2693.731
cache size	: 3072 KB
physical id	: 0
siblings	: 4
core id		: 1
cpu cores	: 2
apicid		: 3
initial apicid	: 3
fpu		: yes
fpu_exception	: yes
cpuid level	: 13
wp		: yes
flags		: fpu vme de pse tsc msr pae mce cx8 apic sep mtrr pge mca cmov pat pse36 clflush dts acpi mmx fxsr sse sse2 ss ht tm pbe syscall nx rdtscp lm constant_tsc arch_perfmon pebs bts rep_good nopl xtopology nonstop_tsc cpuid aperfmperf pni pclmulqdq dtes64 monitor ds_cpl vmx est tm2 ssse3 cx16 xtpr pdcm pcid sse4_1 sse4_2 x2apic popcnt tsc_deadline_timer xsave avx lahf_lm epb pti tpr_shadow vnmi flexpriority ept vpid xsaveopt dtherm ida arat pln pts
bugs		: cpu_meltdown spectre_v1 spectre_v2
bogomips	: 4589.33
clflush size	: 64
cache_alignment	: 64
address sizes	: 36 bits physical, 48 bits virtual
power management:



Memory: 4k page, physical 4019492k(104616k free), swap 1003516k(4k free)

vm_info: OpenJDK 64-Bit Server VM (25.162-b12) for linux-amd64 JRE (1.8.0_162-8u162-b12-1-b12), built on Mar 15 2018 17:19:50 by "buildd" with gcc 7.3.0

time: Thu May 10 16:27:36 2018
elapsed time: 2 seconds (0d 0h 0m 2s)

